{"E:\\ReactCourses\\task4\\src\\api.js": {"path":"E:\\ReactCourses\\task4\\src\\api.js","statementMap":{"0":{"start":{"line":5,"column":17},"end":{"line":5,"column":19}},"1":{"start":{"line":7,"column":4},"end":{"line":9,"column":5}},"2":{"start":{"line":8,"column":8},"end":{"line":8,"column":40}},"3":{"start":{"line":11,"column":4},"end":{"line":13,"column":5}},"4":{"start":{"line":12,"column":8},"end":{"line":12,"column":44}},"5":{"start":{"line":15,"column":4},"end":{"line":18,"column":5}},"6":{"start":{"line":16,"column":8},"end":{"line":16,"column":40}},"7":{"start":{"line":17,"column":8},"end":{"line":17,"column":38}},"8":{"start":{"line":20,"column":18},"end":{"line":20,"column":80}},"9":{"start":{"line":22,"column":4},"end":{"line":25,"column":15}},"10":{"start":{"line":24,"column":16},"end":{"line":24,"column":32}}},"fnMap":{"0":{"name":"getMovies","decl":{"start":{"line":4,"column":9},"end":{"line":4,"column":18}},"loc":{"start":{"line":4,"column":45},"end":{"line":26,"column":1}},"line":4},"1":{"name":"(anonymous_1)","decl":{"start":{"line":23,"column":18},"end":{"line":23,"column":19}},"loc":{"start":{"line":23,"column":25},"end":{"line":25,"column":13}},"line":23}},"branchMap":{"0":{"loc":{"start":{"line":7,"column":4},"end":{"line":9,"column":5}},"type":"if","locations":[{"start":{"line":7,"column":4},"end":{"line":9,"column":5}},{"start":{"line":7,"column":4},"end":{"line":9,"column":5}}],"line":7},"1":{"loc":{"start":{"line":11,"column":4},"end":{"line":13,"column":5}},"type":"if","locations":[{"start":{"line":11,"column":4},"end":{"line":13,"column":5}},{"start":{"line":11,"column":4},"end":{"line":13,"column":5}}],"line":11},"2":{"loc":{"start":{"line":15,"column":4},"end":{"line":18,"column":5}},"type":"if","locations":[{"start":{"line":15,"column":4},"end":{"line":18,"column":5}},{"start":{"line":15,"column":4},"end":{"line":18,"column":5}}],"line":15}},"s":{"0":8,"1":8,"2":1,"3":8,"4":8,"5":8,"6":8,"7":8,"8":8,"9":8,"10":2},"f":{"0":8,"1":2},"b":{"0":[1,7],"1":[8,0],"2":[8,0]},"_coverageSchema":"43e27e138ebf9cfc5966b082cf9a028302ed4184","hash":"b62f0f67e62dcb204fedda2c70b4c47d4ce4da8c"}
,"E:\\ReactCourses\\task4\\src\\index.js": {"path":"E:\\ReactCourses\\task4\\src\\index.js","statementMap":{"0":{"start":{"line":5,"column":0},"end":{"line":5,"column":58}},"1":{"start":{"line":7,"column":0},"end":{"line":9,"column":1}},"2":{"start":{"line":8,"column":4},"end":{"line":8,"column":24}}},"fnMap":{},"branchMap":{"0":{"loc":{"start":{"line":7,"column":0},"end":{"line":9,"column":1}},"type":"if","locations":[{"start":{"line":7,"column":0},"end":{"line":9,"column":1}},{"start":{"line":7,"column":0},"end":{"line":9,"column":1}}],"line":7}},"s":{"0":0,"1":0,"2":0},"f":{},"b":{"0":[0,0]}}
,"E:\\ReactCourses\\task4\\src\\App\\App.js": {"path":"E:\\ReactCourses\\task4\\src\\App\\App.js","statementMap":{"0":{"start":{"line":11,"column":8},"end":{"line":11,"column":21}},"1":{"start":{"line":15,"column":8},"end":{"line":20,"column":10}}},"fnMap":{"0":{"name":"(anonymous_0)","decl":{"start":{"line":10,"column":4},"end":{"line":10,"column":5}},"loc":{"start":{"line":10,"column":23},"end":{"line":12,"column":5}},"line":10},"1":{"name":"(anonymous_1)","decl":{"start":{"line":14,"column":4},"end":{"line":14,"column":5}},"loc":{"start":{"line":14,"column":13},"end":{"line":21,"column":5}},"line":14}},"branchMap":{},"s":{"0":1,"1":1},"f":{"0":1,"1":1},"b":{},"_coverageSchema":"43e27e138ebf9cfc5966b082cf9a028302ed4184","hash":"219cb3c86754d63e191b7d5b40627b59e3d62930"}
,"E:\\ReactCourses\\task4\\src\\Components\\ErrorBoundary.jsx": {"path":"E:\\ReactCourses\\task4\\src\\Components\\ErrorBoundary.jsx","statementMap":{"0":{"start":{"line":6,"column":8},"end":{"line":6,"column":21}},"1":{"start":{"line":7,"column":8},"end":{"line":7,"column":54}},"2":{"start":{"line":16,"column":8},"end":{"line":19,"column":10}},"3":{"start":{"line":23,"column":8},"end":{"line":35,"column":9}},"4":{"start":{"line":25,"column":12},"end":{"line":34,"column":14}},"5":{"start":{"line":37,"column":8},"end":{"line":37,"column":35}}},"fnMap":{"0":{"name":"(anonymous_0)","decl":{"start":{"line":5,"column":4},"end":{"line":5,"column":5}},"loc":{"start":{"line":5,"column":23},"end":{"line":8,"column":5}},"line":5},"1":{"name":"(anonymous_1)","decl":{"start":{"line":15,"column":4},"end":{"line":15,"column":5}},"loc":{"start":{"line":15,"column":35},"end":{"line":20,"column":5}},"line":15},"2":{"name":"(anonymous_2)","decl":{"start":{"line":22,"column":4},"end":{"line":22,"column":5}},"loc":{"start":{"line":22,"column":13},"end":{"line":38,"column":5}},"line":22}},"branchMap":{"0":{"loc":{"start":{"line":23,"column":8},"end":{"line":35,"column":9}},"type":"if","locations":[{"start":{"line":23,"column":8},"end":{"line":35,"column":9}},{"start":{"line":23,"column":8},"end":{"line":35,"column":9}}],"line":23},"1":{"loc":{"start":{"line":29,"column":25},"end":{"line":29,"column":72}},"type":"binary-expr","locations":[{"start":{"line":29,"column":25},"end":{"line":29,"column":41}},{"start":{"line":29,"column":45},"end":{"line":29,"column":72}}],"line":29}},"s":{"0":6,"1":6,"2":0,"3":12,"4":0,"5":12},"f":{"0":6,"1":0,"2":12},"b":{"0":[0,12],"1":[0,0]},"_coverageSchema":"43e27e138ebf9cfc5966b082cf9a028302ed4184","hash":"9dd32f6c2850552bb41bdddf4a841d2bc9c287fa"}
,"E:\\ReactCourses\\task4\\src\\Components\\Footer\\Footer.jsx": {"path":"E:\\ReactCourses\\task4\\src\\Components\\Footer\\Footer.jsx","statementMap":{"0":{"start":{"line":4,"column":15},"end":{"line":4,"column":68}},"1":{"start":{"line":4,"column":22},"end":{"line":4,"column":67}}},"fnMap":{"0":{"name":"(anonymous_0)","decl":{"start":{"line":4,"column":15},"end":{"line":4,"column":16}},"loc":{"start":{"line":4,"column":22},"end":{"line":4,"column":67}},"line":4}},"branchMap":{},"s":{"0":2,"1":2},"f":{"0":2},"b":{},"_coverageSchema":"43e27e138ebf9cfc5966b082cf9a028302ed4184","hash":"1242b40c877e60193b1185ac44838bc1fe8f58f1"}
,"E:\\ReactCourses\\task4\\src\\Components\\Header\\Header.jsx": {"path":"E:\\ReactCourses\\task4\\src\\Components\\Header\\Header.jsx","statementMap":{"0":{"start":{"line":9,"column":36},"end":{"line":9,"column":46}},"1":{"start":{"line":11,"column":8},"end":{"line":11,"column":34}},"2":{"start":{"line":14,"column":32},"end":{"line":14,"column":57}},"3":{"start":{"line":15,"column":32},"end":{"line":15,"column":58}},"4":{"start":{"line":18,"column":38},"end":{"line":18,"column":48}},"5":{"start":{"line":20,"column":8},"end":{"line":20,"column":46}},"6":{"start":{"line":24,"column":49},"end":{"line":24,"column":59}},"7":{"start":{"line":26,"column":8},"end":{"line":26,"column":27}},"8":{"start":{"line":27,"column":8},"end":{"line":27,"column":37}},"9":{"start":{"line":32,"column":41},"end":{"line":32,"column":51}},"10":{"start":{"line":34,"column":8},"end":{"line":67,"column":9}},"11":{"start":{"line":71,"column":0},"end":{"line":77,"column":2}}},"fnMap":{"0":{"name":"(anonymous_0)","decl":{"start":{"line":8,"column":18},"end":{"line":8,"column":19}},"loc":{"start":{"line":8,"column":32},"end":{"line":12,"column":5}},"line":8},"1":{"name":"(anonymous_1)","decl":{"start":{"line":14,"column":26},"end":{"line":14,"column":27}},"loc":{"start":{"line":14,"column":32},"end":{"line":14,"column":57}},"line":14},"2":{"name":"(anonymous_2)","decl":{"start":{"line":15,"column":26},"end":{"line":15,"column":27}},"loc":{"start":{"line":15,"column":32},"end":{"line":15,"column":58}},"line":15},"3":{"name":"(anonymous_3)","decl":{"start":{"line":17,"column":24},"end":{"line":17,"column":25}},"loc":{"start":{"line":17,"column":35},"end":{"line":21,"column":5}},"line":17},"4":{"name":"(anonymous_4)","decl":{"start":{"line":23,"column":19},"end":{"line":23,"column":20}},"loc":{"start":{"line":23,"column":26},"end":{"line":28,"column":5}},"line":23},"5":{"name":"(anonymous_5)","decl":{"start":{"line":30,"column":4},"end":{"line":30,"column":5}},"loc":{"start":{"line":30,"column":13},"end":{"line":68,"column":5}},"line":30}},"branchMap":{"0":{"loc":{"start":{"line":53,"column":39},"end":{"line":53,"column":84}},"type":"cond-expr","locations":[{"start":{"line":53,"column":63},"end":{"line":53,"column":77}},{"start":{"line":53,"column":80},"end":{"line":53,"column":84}}],"line":53},"1":{"loc":{"start":{"line":59,"column":39},"end":{"line":59,"column":85}},"type":"cond-expr","locations":[{"start":{"line":59,"column":64},"end":{"line":59,"column":78}},{"start":{"line":59,"column":81},"end":{"line":59,"column":85}}],"line":59}},"s":{"0":3,"1":3,"2":1,"3":2,"4":3,"5":3,"6":2,"7":2,"8":2,"9":17,"10":17,"11":3},"f":{"0":3,"1":1,"2":2,"3":3,"4":2,"5":17},"b":{"0":[15,2],"1":[1,16]},"_coverageSchema":"43e27e138ebf9cfc5966b082cf9a028302ed4184","hash":"cdb05b51637c21633c2cbeaa311fde9611c724d8"}
,"E:\\ReactCourses\\task4\\src\\Components\\LineResultMovieList\\LineResultMovieList.jsx": {"path":"E:\\ReactCourses\\task4\\src\\Components\\LineResultMovieList\\LineResultMovieList.jsx","statementMap":{"0":{"start":{"line":6,"column":28},"end":{"line":28,"column":1}},"1":{"start":{"line":7,"column":29},"end":{"line":7,"column":64}},"2":{"start":{"line":7,"column":35},"end":{"line":7,"column":64}},"3":{"start":{"line":8,"column":29},"end":{"line":8,"column":64}},"4":{"start":{"line":8,"column":35},"end":{"line":8,"column":64}},"5":{"start":{"line":10,"column":4},"end":{"line":27,"column":14}},"6":{"start":{"line":30,"column":0},"end":{"line":34,"column":2}}},"fnMap":{"0":{"name":"(anonymous_0)","decl":{"start":{"line":6,"column":28},"end":{"line":6,"column":29}},"loc":{"start":{"line":6,"column":70},"end":{"line":28,"column":1}},"line":6},"1":{"name":"(anonymous_1)","decl":{"start":{"line":7,"column":29},"end":{"line":7,"column":30}},"loc":{"start":{"line":7,"column":35},"end":{"line":7,"column":64}},"line":7},"2":{"name":"(anonymous_2)","decl":{"start":{"line":8,"column":29},"end":{"line":8,"column":30}},"loc":{"start":{"line":8,"column":35},"end":{"line":8,"column":64}},"line":8}},"branchMap":{"0":{"loc":{"start":{"line":10,"column":11},"end":{"line":27,"column":14}},"type":"cond-expr","locations":[{"start":{"line":11,"column":10},"end":{"line":11,"column":14}},{"start":{"line":12,"column":10},"end":{"line":27,"column":14}}],"line":10},"1":{"loc":{"start":{"line":10,"column":11},"end":{"line":10,"column":50}},"type":"binary-expr","locations":[{"start":{"line":10,"column":11},"end":{"line":10,"column":31}},{"start":{"line":10,"column":35},"end":{"line":10,"column":50}}],"line":10},"2":{"loc":{"start":{"line":18,"column":27},"end":{"line":18,"column":71}},"type":"cond-expr","locations":[{"start":{"line":18,"column":56},"end":{"line":18,"column":64}},{"start":{"line":18,"column":67},"end":{"line":18,"column":71}}],"line":18},"3":{"loc":{"start":{"line":23,"column":29},"end":{"line":23,"column":73}},"type":"cond-expr","locations":[{"start":{"line":23,"column":58},"end":{"line":23,"column":66}},{"start":{"line":23,"column":69},"end":{"line":23,"column":73}}],"line":23}},"s":{"0":3,"1":16,"2":1,"3":16,"4":2,"5":16,"6":3},"f":{"0":16,"1":1,"2":2},"b":{"0":[1,15],"1":[16,15],"2":[13,2],"3":[2,13]},"_coverageSchema":"43e27e138ebf9cfc5966b082cf9a028302ed4184","hash":"23cba5f5e3ff6683970d59729384e9825a536e27"}
,"E:\\ReactCourses\\task4\\src\\Components\\MovieList\\MovieList.jsx": {"path":"E:\\ReactCourses\\task4\\src\\Components\\MovieList\\MovieList.jsx","statementMap":{"0":{"start":{"line":9,"column":18},"end":{"line":29,"column":1}},"1":{"start":{"line":11,"column":24},"end":{"line":19,"column":5}},"2":{"start":{"line":12,"column":8},"end":{"line":18,"column":9}},"3":{"start":{"line":13,"column":12},"end":{"line":15,"column":15}},"4":{"start":{"line":14,"column":16},"end":{"line":14,"column":70}},"5":{"start":{"line":17,"column":12},"end":{"line":17,"column":67}},"6":{"start":{"line":21,"column":4},"end":{"line":27,"column":5}},"7":{"start":{"line":31,"column":0},"end":{"line":33,"column":2}}},"fnMap":{"0":{"name":"(anonymous_0)","decl":{"start":{"line":9,"column":18},"end":{"line":9,"column":19}},"loc":{"start":{"line":9,"column":34},"end":{"line":29,"column":1}},"line":9},"1":{"name":"(anonymous_1)","decl":{"start":{"line":11,"column":24},"end":{"line":11,"column":25}},"loc":{"start":{"line":11,"column":30},"end":{"line":19,"column":5}},"line":11},"2":{"name":"(anonymous_2)","decl":{"start":{"line":13,"column":30},"end":{"line":13,"column":31}},"loc":{"start":{"line":13,"column":46},"end":{"line":15,"column":13}},"line":13}},"branchMap":{"0":{"loc":{"start":{"line":12,"column":8},"end":{"line":18,"column":9}},"type":"if","locations":[{"start":{"line":12,"column":8},"end":{"line":18,"column":9}},{"start":{"line":12,"column":8},"end":{"line":18,"column":9}}],"line":12},"1":{"loc":{"start":{"line":12,"column":12},"end":{"line":12,"column":39}},"type":"binary-expr","locations":[{"start":{"line":12,"column":12},"end":{"line":12,"column":18}},{"start":{"line":12,"column":22},"end":{"line":12,"column":39}}],"line":12}},"s":{"0":3,"1":14,"2":14,"3":2,"4":3,"5":12,"6":14,"7":3},"f":{"0":14,"1":14,"2":3},"b":{"0":[2,12],"1":[14,14]},"_coverageSchema":"43e27e138ebf9cfc5966b082cf9a028302ed4184","hash":"ed6710c1d5d150aa834f26e6f42c545bf7395a31"}
,"E:\\ReactCourses\\task4\\src\\Components\\MovieThumblail\\MovieThumbnail.jsx": {"path":"E:\\ReactCourses\\task4\\src\\Components\\MovieThumblail\\MovieThumbnail.jsx","statementMap":{"0":{"start":{"line":9,"column":8},"end":{"line":9,"column":47}},"1":{"start":{"line":13,"column":8},"end":{"line":13,"column":86}},"2":{"start":{"line":13,"column":34},"end":{"line":13,"column":83}},"3":{"start":{"line":17,"column":59},"end":{"line":17,"column":75}},"4":{"start":{"line":18,"column":8},"end":{"line":28,"column":9}},"5":{"start":{"line":32,"column":0},"end":{"line":34,"column":2}}},"fnMap":{"0":{"name":"(anonymous_0)","decl":{"start":{"line":8,"column":4},"end":{"line":8,"column":5}},"loc":{"start":{"line":8,"column":21},"end":{"line":10,"column":5}},"line":8},"1":{"name":"(anonymous_1)","decl":{"start":{"line":12,"column":4},"end":{"line":12,"column":5}},"loc":{"start":{"line":12,"column":22},"end":{"line":14,"column":5}},"line":12},"2":{"name":"(anonymous_2)","decl":{"start":{"line":13,"column":23},"end":{"line":13,"column":24}},"loc":{"start":{"line":13,"column":34},"end":{"line":13,"column":83}},"line":13},"3":{"name":"(anonymous_3)","decl":{"start":{"line":16,"column":4},"end":{"line":16,"column":5}},"loc":{"start":{"line":16,"column":13},"end":{"line":29,"column":5}},"line":16}},"branchMap":{},"s":{"0":4,"1":4,"2":4,"3":4,"4":4,"5":4},"f":{"0":4,"1":4,"2":4,"3":4},"b":{},"_coverageSchema":"43e27e138ebf9cfc5966b082cf9a028302ed4184","hash":"917c0303b8ec06ec392283183db7297e26e0b382"}
,"E:\\ReactCourses\\task4\\src\\Containers\\SearchPage\\SearchPage.jsx": {"path":"E:\\ReactCourses\\task4\\src\\Containers\\SearchPage\\SearchPage.jsx","statementMap":{"0":{"start":{"line":11,"column":8},"end":{"line":11,"column":21}},"1":{"start":{"line":13,"column":8},"end":{"line":18,"column":10}},"2":{"start":{"line":22,"column":8},"end":{"line":22,"column":26}},"3":{"start":{"line":26,"column":48},"end":{"line":26,"column":58}},"4":{"start":{"line":28,"column":8},"end":{"line":29,"column":67}},"5":{"start":{"line":29,"column":28},"end":{"line":29,"column":65}},"6":{"start":{"line":33,"column":8},"end":{"line":34,"column":37}},"7":{"start":{"line":34,"column":18},"end":{"line":34,"column":35}},"8":{"start":{"line":38,"column":8},"end":{"line":38,"column":48}},"9":{"start":{"line":42,"column":8},"end":{"line":42,"column":44}},"10":{"start":{"line":46,"column":8},"end":{"line":46,"column":26}},"11":{"start":{"line":50,"column":55},"end":{"line":50,"column":65}},"12":{"start":{"line":52,"column":8},"end":{"line":73,"column":10}}},"fnMap":{"0":{"name":"(anonymous_0)","decl":{"start":{"line":10,"column":4},"end":{"line":10,"column":5}},"loc":{"start":{"line":10,"column":23},"end":{"line":19,"column":5}},"line":10},"1":{"name":"(anonymous_1)","decl":{"start":{"line":21,"column":4},"end":{"line":21,"column":5}},"loc":{"start":{"line":21,"column":24},"end":{"line":23,"column":5}},"line":21},"2":{"name":"(anonymous_2)","decl":{"start":{"line":25,"column":4},"end":{"line":25,"column":5}},"loc":{"start":{"line":25,"column":17},"end":{"line":30,"column":5}},"line":25},"3":{"name":"(anonymous_3)","decl":{"start":{"line":29,"column":18},"end":{"line":29,"column":19}},"loc":{"start":{"line":29,"column":28},"end":{"line":29,"column":65}},"line":29},"4":{"name":"(anonymous_4)","decl":{"start":{"line":32,"column":26},"end":{"line":32,"column":27}},"loc":{"start":{"line":32,"column":38},"end":{"line":35,"column":5}},"line":32},"5":{"name":"(anonymous_5)","decl":{"start":{"line":34,"column":12},"end":{"line":34,"column":13}},"loc":{"start":{"line":34,"column":18},"end":{"line":34,"column":35}},"line":34},"6":{"name":"(anonymous_6)","decl":{"start":{"line":37,"column":30},"end":{"line":37,"column":31}},"loc":{"start":{"line":37,"column":46},"end":{"line":39,"column":5}},"line":37},"7":{"name":"(anonymous_7)","decl":{"start":{"line":41,"column":28},"end":{"line":41,"column":29}},"loc":{"start":{"line":41,"column":42},"end":{"line":43,"column":5}},"line":41},"8":{"name":"(anonymous_8)","decl":{"start":{"line":45,"column":19},"end":{"line":45,"column":20}},"loc":{"start":{"line":45,"column":25},"end":{"line":47,"column":5}},"line":45},"9":{"name":"(anonymous_9)","decl":{"start":{"line":49,"column":4},"end":{"line":49,"column":5}},"loc":{"start":{"line":49,"column":13},"end":{"line":74,"column":5}},"line":49}},"branchMap":{},"s":{"0":6,"1":6,"2":6,"3":8,"4":8,"5":2,"6":1,"7":1,"8":2,"9":1,"10":1,"11":12,"12":12},"f":{"0":6,"1":6,"2":8,"3":2,"4":1,"5":1,"6":2,"7":1,"8":1,"9":12},"b":{},"_coverageSchema":"43e27e138ebf9cfc5966b082cf9a028302ed4184","hash":"5bdaf8b9243b97ea5ee47b23d5374c4a4957b5a4"}
}
