{"E:\\ReactCourses\\task5\\src\\api.js": {"path":"E:\\ReactCourses\\task5\\src\\api.js","statementMap":{"0":{"start":{"line":5,"column":17},"end":{"line":5,"column":19}},"1":{"start":{"line":7,"column":4},"end":{"line":9,"column":5}},"2":{"start":{"line":8,"column":8},"end":{"line":8,"column":40}},"3":{"start":{"line":11,"column":4},"end":{"line":13,"column":5}},"4":{"start":{"line":12,"column":8},"end":{"line":12,"column":44}},"5":{"start":{"line":15,"column":4},"end":{"line":18,"column":5}},"6":{"start":{"line":16,"column":8},"end":{"line":16,"column":40}},"7":{"start":{"line":17,"column":8},"end":{"line":17,"column":38}},"8":{"start":{"line":20,"column":18},"end":{"line":20,"column":80}},"9":{"start":{"line":22,"column":4},"end":{"line":25,"column":15}},"10":{"start":{"line":24,"column":16},"end":{"line":24,"column":32}}},"fnMap":{"0":{"name":"getMovies","decl":{"start":{"line":4,"column":9},"end":{"line":4,"column":18}},"loc":{"start":{"line":4,"column":45},"end":{"line":26,"column":1}},"line":4},"1":{"name":"(anonymous_1)","decl":{"start":{"line":23,"column":18},"end":{"line":23,"column":19}},"loc":{"start":{"line":23,"column":25},"end":{"line":25,"column":13}},"line":23}},"branchMap":{"0":{"loc":{"start":{"line":7,"column":4},"end":{"line":9,"column":5}},"type":"if","locations":[{"start":{"line":7,"column":4},"end":{"line":9,"column":5}},{"start":{"line":7,"column":4},"end":{"line":9,"column":5}}],"line":7},"1":{"loc":{"start":{"line":11,"column":4},"end":{"line":13,"column":5}},"type":"if","locations":[{"start":{"line":11,"column":4},"end":{"line":13,"column":5}},{"start":{"line":11,"column":4},"end":{"line":13,"column":5}}],"line":11},"2":{"loc":{"start":{"line":15,"column":4},"end":{"line":18,"column":5}},"type":"if","locations":[{"start":{"line":15,"column":4},"end":{"line":18,"column":5}},{"start":{"line":15,"column":4},"end":{"line":18,"column":5}}],"line":15}},"s":{"0":0,"1":0,"2":0,"3":0,"4":0,"5":0,"6":0,"7":0,"8":0,"9":0,"10":0},"f":{"0":0,"1":0},"b":{"0":[0,0],"1":[0,0],"2":[0,0]}}
,"E:\\ReactCourses\\task5\\src\\index.js": {"path":"E:\\ReactCourses\\task5\\src\\index.js","statementMap":{"0":{"start":{"line":5,"column":0},"end":{"line":8,"column":2}},"1":{"start":{"line":10,"column":0},"end":{"line":12,"column":1}},"2":{"start":{"line":11,"column":4},"end":{"line":11,"column":24}}},"fnMap":{},"branchMap":{"0":{"loc":{"start":{"line":10,"column":0},"end":{"line":12,"column":1}},"type":"if","locations":[{"start":{"line":10,"column":0},"end":{"line":12,"column":1}},{"start":{"line":10,"column":0},"end":{"line":12,"column":1}}],"line":10}},"s":{"0":0,"1":0,"2":0},"f":{},"b":{"0":[0,0]}}
,"E:\\ReactCourses\\task5\\src\\Actions\\Actions.js": {"path":"E:\\ReactCourses\\task5\\src\\Actions\\Actions.js","statementMap":{"0":{"start":{"line":3,"column":30},"end":{"line":3,"column":46}},"1":{"start":{"line":6,"column":4},"end":{"line":6,"column":23}},"2":{"start":{"line":7,"column":4},"end":{"line":10,"column":5}},"3":{"start":{"line":13,"column":27},"end":{"line":13,"column":40}},"4":{"start":{"line":16,"column":17},"end":{"line":16,"column":19}},"5":{"start":{"line":18,"column":4},"end":{"line":20,"column":5}},"6":{"start":{"line":19,"column":8},"end":{"line":19,"column":40}},"7":{"start":{"line":21,"column":4},"end":{"line":23,"column":5}},"8":{"start":{"line":22,"column":8},"end":{"line":22,"column":44}},"9":{"start":{"line":24,"column":4},"end":{"line":27,"column":5}},"10":{"start":{"line":25,"column":8},"end":{"line":25,"column":40}},"11":{"start":{"line":26,"column":8},"end":{"line":26,"column":38}},"12":{"start":{"line":28,"column":18},"end":{"line":28,"column":80}},"13":{"start":{"line":30,"column":4},"end":{"line":33,"column":5}},"14":{"start":{"line":31,"column":8},"end":{"line":32,"column":75}},"15":{"start":{"line":32,"column":30},"end":{"line":32,"column":73}},"16":{"start":{"line":36,"column":23},"end":{"line":36,"column":32}},"17":{"start":{"line":39,"column":4},"end":{"line":42,"column":5}},"18":{"start":{"line":46,"column":25},"end":{"line":46,"column":36}},"19":{"start":{"line":49,"column":4},"end":{"line":52,"column":5}},"20":{"start":{"line":55,"column":27},"end":{"line":55,"column":40}},"21":{"start":{"line":58,"column":4},"end":{"line":61,"column":5}}},"fnMap":{"0":{"name":"receiveMovies","decl":{"start":{"line":5,"column":16},"end":{"line":5,"column":29}},"loc":{"start":{"line":5,"column":38},"end":{"line":11,"column":1}},"line":5},"1":{"name":"loadMovies","decl":{"start":{"line":15,"column":16},"end":{"line":15,"column":26}},"loc":{"start":{"line":15,"column":53},"end":{"line":34,"column":1}},"line":15},"2":{"name":"(anonymous_2)","decl":{"start":{"line":30,"column":11},"end":{"line":30,"column":12}},"loc":{"start":{"line":30,"column":31},"end":{"line":33,"column":5}},"line":30},"3":{"name":"(anonymous_3)","decl":{"start":{"line":32,"column":18},"end":{"line":32,"column":19}},"loc":{"start":{"line":32,"column":30},"end":{"line":32,"column":73}},"line":32},"4":{"name":"sortBy","decl":{"start":{"line":38,"column":16},"end":{"line":38,"column":22}},"loc":{"start":{"line":38,"column":30},"end":{"line":43,"column":1}},"line":38},"5":{"name":"searchBy","decl":{"start":{"line":48,"column":16},"end":{"line":48,"column":24}},"loc":{"start":{"line":48,"column":32},"end":{"line":53,"column":1}},"line":48},"6":{"name":"searchText","decl":{"start":{"line":57,"column":16},"end":{"line":57,"column":26}},"loc":{"start":{"line":57,"column":33},"end":{"line":62,"column":1}},"line":57}},"branchMap":{"0":{"loc":{"start":{"line":18,"column":4},"end":{"line":20,"column":5}},"type":"if","locations":[{"start":{"line":18,"column":4},"end":{"line":20,"column":5}},{"start":{"line":18,"column":4},"end":{"line":20,"column":5}}],"line":18},"1":{"loc":{"start":{"line":21,"column":4},"end":{"line":23,"column":5}},"type":"if","locations":[{"start":{"line":21,"column":4},"end":{"line":23,"column":5}},{"start":{"line":21,"column":4},"end":{"line":23,"column":5}}],"line":21},"2":{"loc":{"start":{"line":24,"column":4},"end":{"line":27,"column":5}},"type":"if","locations":[{"start":{"line":24,"column":4},"end":{"line":27,"column":5}},{"start":{"line":24,"column":4},"end":{"line":27,"column":5}}],"line":24}},"s":{"0":4,"1":3,"2":3,"3":4,"4":4,"5":4,"6":0,"7":4,"8":1,"9":4,"10":1,"11":1,"12":4,"13":4,"14":4,"15":3,"16":4,"17":1,"18":4,"19":1,"20":4,"21":1},"f":{"0":3,"1":4,"2":4,"3":3,"4":1,"5":1,"6":1},"b":{"0":[0,4],"1":[1,3],"2":[1,3]},"_coverageSchema":"43e27e138ebf9cfc5966b082cf9a028302ed4184","hash":"21ed4d6dca2455ba8219e8ca8636d98f0234d865"}
,"E:\\ReactCourses\\task5\\src\\App\\App.js": {"path":"E:\\ReactCourses\\task5\\src\\App\\App.js","statementMap":{"0":{"start":{"line":11,"column":14},"end":{"line":19,"column":37}},"1":{"start":{"line":23,"column":8},"end":{"line":30,"column":10}}},"fnMap":{"0":{"name":"(anonymous_0)","decl":{"start":{"line":22,"column":4},"end":{"line":22,"column":5}},"loc":{"start":{"line":22,"column":13},"end":{"line":31,"column":5}},"line":22}},"branchMap":{},"s":{"0":1,"1":1},"f":{"0":1},"b":{},"_coverageSchema":"43e27e138ebf9cfc5966b082cf9a028302ed4184","hash":"d2e960e0b69e937f70e136fa89f4b346f9d6fd56"}
,"E:\\ReactCourses\\task5\\src\\Components\\ErrorBoundary.jsx": {"path":"E:\\ReactCourses\\task5\\src\\Components\\ErrorBoundary.jsx","statementMap":{"0":{"start":{"line":6,"column":8},"end":{"line":6,"column":21}},"1":{"start":{"line":7,"column":8},"end":{"line":7,"column":54}},"2":{"start":{"line":16,"column":8},"end":{"line":19,"column":10}},"3":{"start":{"line":23,"column":8},"end":{"line":35,"column":9}},"4":{"start":{"line":25,"column":12},"end":{"line":34,"column":14}},"5":{"start":{"line":37,"column":8},"end":{"line":37,"column":35}}},"fnMap":{"0":{"name":"(anonymous_0)","decl":{"start":{"line":5,"column":4},"end":{"line":5,"column":5}},"loc":{"start":{"line":5,"column":23},"end":{"line":8,"column":5}},"line":5},"1":{"name":"(anonymous_1)","decl":{"start":{"line":15,"column":4},"end":{"line":15,"column":5}},"loc":{"start":{"line":15,"column":35},"end":{"line":20,"column":5}},"line":15},"2":{"name":"(anonymous_2)","decl":{"start":{"line":22,"column":4},"end":{"line":22,"column":5}},"loc":{"start":{"line":22,"column":13},"end":{"line":38,"column":5}},"line":22}},"branchMap":{"0":{"loc":{"start":{"line":23,"column":8},"end":{"line":35,"column":9}},"type":"if","locations":[{"start":{"line":23,"column":8},"end":{"line":35,"column":9}},{"start":{"line":23,"column":8},"end":{"line":35,"column":9}}],"line":23},"1":{"loc":{"start":{"line":29,"column":25},"end":{"line":29,"column":72}},"type":"binary-expr","locations":[{"start":{"line":29,"column":25},"end":{"line":29,"column":41}},{"start":{"line":29,"column":45},"end":{"line":29,"column":72}}],"line":29}},"s":{"0":3,"1":3,"2":0,"3":3,"4":0,"5":3},"f":{"0":3,"1":0,"2":3},"b":{"0":[0,3],"1":[0,0]},"_coverageSchema":"43e27e138ebf9cfc5966b082cf9a028302ed4184","hash":"252d3313ba8774fb882885a1c842c7a0c7c97bf7"}
,"E:\\ReactCourses\\task5\\src\\Components\\Footer\\Footer.jsx": {"path":"E:\\ReactCourses\\task5\\src\\Components\\Footer\\Footer.jsx","statementMap":{"0":{"start":{"line":4,"column":15},"end":{"line":4,"column":68}},"1":{"start":{"line":4,"column":22},"end":{"line":4,"column":67}}},"fnMap":{"0":{"name":"(anonymous_0)","decl":{"start":{"line":4,"column":15},"end":{"line":4,"column":16}},"loc":{"start":{"line":4,"column":22},"end":{"line":4,"column":67}},"line":4}},"branchMap":{},"s":{"0":2,"1":2},"f":{"0":2},"b":{},"_coverageSchema":"43e27e138ebf9cfc5966b082cf9a028302ed4184","hash":"1d75e13cd095a9a024b08af63d4669bf9980cbbe"}
,"E:\\ReactCourses\\task5\\src\\Components\\Header\\Header.jsx": {"path":"E:\\ReactCourses\\task5\\src\\Components\\Header\\Header.jsx","statementMap":{"0":{"start":{"line":9,"column":36},"end":{"line":9,"column":46}},"1":{"start":{"line":11,"column":8},"end":{"line":11,"column":34}},"2":{"start":{"line":14,"column":32},"end":{"line":14,"column":57}},"3":{"start":{"line":15,"column":32},"end":{"line":15,"column":58}},"4":{"start":{"line":18,"column":38},"end":{"line":18,"column":48}},"5":{"start":{"line":20,"column":8},"end":{"line":20,"column":46}},"6":{"start":{"line":24,"column":49},"end":{"line":24,"column":59}},"7":{"start":{"line":26,"column":8},"end":{"line":26,"column":27}},"8":{"start":{"line":27,"column":8},"end":{"line":27,"column":37}},"9":{"start":{"line":32,"column":41},"end":{"line":32,"column":51}},"10":{"start":{"line":34,"column":8},"end":{"line":67,"column":9}},"11":{"start":{"line":71,"column":0},"end":{"line":77,"column":2}}},"fnMap":{"0":{"name":"(anonymous_0)","decl":{"start":{"line":8,"column":18},"end":{"line":8,"column":19}},"loc":{"start":{"line":8,"column":32},"end":{"line":12,"column":5}},"line":8},"1":{"name":"(anonymous_1)","decl":{"start":{"line":14,"column":26},"end":{"line":14,"column":27}},"loc":{"start":{"line":14,"column":32},"end":{"line":14,"column":57}},"line":14},"2":{"name":"(anonymous_2)","decl":{"start":{"line":15,"column":26},"end":{"line":15,"column":27}},"loc":{"start":{"line":15,"column":32},"end":{"line":15,"column":58}},"line":15},"3":{"name":"(anonymous_3)","decl":{"start":{"line":17,"column":24},"end":{"line":17,"column":25}},"loc":{"start":{"line":17,"column":35},"end":{"line":21,"column":5}},"line":17},"4":{"name":"(anonymous_4)","decl":{"start":{"line":23,"column":19},"end":{"line":23,"column":20}},"loc":{"start":{"line":23,"column":26},"end":{"line":28,"column":5}},"line":23},"5":{"name":"(anonymous_5)","decl":{"start":{"line":30,"column":4},"end":{"line":30,"column":5}},"loc":{"start":{"line":30,"column":13},"end":{"line":68,"column":5}},"line":30}},"branchMap":{"0":{"loc":{"start":{"line":53,"column":39},"end":{"line":53,"column":84}},"type":"cond-expr","locations":[{"start":{"line":53,"column":63},"end":{"line":53,"column":77}},{"start":{"line":53,"column":80},"end":{"line":53,"column":84}}],"line":53},"1":{"loc":{"start":{"line":59,"column":39},"end":{"line":59,"column":85}},"type":"cond-expr","locations":[{"start":{"line":59,"column":64},"end":{"line":59,"column":78}},{"start":{"line":59,"column":81},"end":{"line":59,"column":85}}],"line":59}},"s":{"0":2,"1":2,"2":1,"3":1,"4":2,"5":2,"6":2,"7":2,"8":2,"9":8,"10":8,"11":3},"f":{"0":2,"1":1,"2":1,"3":2,"4":2,"5":8},"b":{"0":[7,1],"1":[0,8]},"_coverageSchema":"43e27e138ebf9cfc5966b082cf9a028302ed4184","hash":"cdb0129fe5cbbd67cc170cf1350e200219274993"}
,"E:\\ReactCourses\\task5\\src\\Components\\LineResultMovieList\\LineResultMovieList.jsx": {"path":"E:\\ReactCourses\\task5\\src\\Components\\LineResultMovieList\\LineResultMovieList.jsx","statementMap":{"0":{"start":{"line":6,"column":28},"end":{"line":28,"column":1}},"1":{"start":{"line":7,"column":30},"end":{"line":7,"column":65}},"2":{"start":{"line":7,"column":36},"end":{"line":7,"column":65}},"3":{"start":{"line":8,"column":25},"end":{"line":8,"column":60}},"4":{"start":{"line":8,"column":31},"end":{"line":8,"column":60}},"5":{"start":{"line":10,"column":4},"end":{"line":27,"column":14}},"6":{"start":{"line":30,"column":0},"end":{"line":34,"column":2}}},"fnMap":{"0":{"name":"(anonymous_0)","decl":{"start":{"line":6,"column":28},"end":{"line":6,"column":29}},"loc":{"start":{"line":6,"column":70},"end":{"line":28,"column":1}},"line":6},"1":{"name":"(anonymous_1)","decl":{"start":{"line":7,"column":30},"end":{"line":7,"column":31}},"loc":{"start":{"line":7,"column":36},"end":{"line":7,"column":65}},"line":7},"2":{"name":"(anonymous_2)","decl":{"start":{"line":8,"column":25},"end":{"line":8,"column":26}},"loc":{"start":{"line":8,"column":31},"end":{"line":8,"column":60}},"line":8}},"branchMap":{"0":{"loc":{"start":{"line":10,"column":11},"end":{"line":27,"column":14}},"type":"cond-expr","locations":[{"start":{"line":11,"column":10},"end":{"line":11,"column":14}},{"start":{"line":12,"column":10},"end":{"line":27,"column":14}}],"line":10},"1":{"loc":{"start":{"line":10,"column":11},"end":{"line":10,"column":50}},"type":"binary-expr","locations":[{"start":{"line":10,"column":11},"end":{"line":10,"column":31}},{"start":{"line":10,"column":35},"end":{"line":10,"column":50}}],"line":10},"2":{"loc":{"start":{"line":18,"column":27},"end":{"line":18,"column":71}},"type":"cond-expr","locations":[{"start":{"line":18,"column":56},"end":{"line":18,"column":64}},{"start":{"line":18,"column":67},"end":{"line":18,"column":71}}],"line":18},"3":{"loc":{"start":{"line":23,"column":29},"end":{"line":23,"column":73}},"type":"cond-expr","locations":[{"start":{"line":23,"column":58},"end":{"line":23,"column":66}},{"start":{"line":23,"column":69},"end":{"line":23,"column":73}}],"line":23}},"s":{"0":3,"1":7,"2":1,"3":7,"4":1,"5":7,"6":3},"f":{"0":7,"1":1,"2":1},"b":{"0":[1,6],"1":[7,6],"2":[5,1],"3":[1,5]},"_coverageSchema":"43e27e138ebf9cfc5966b082cf9a028302ed4184","hash":"2c1cf4949a56a2d89602004fa7af72827453f024"}
,"E:\\ReactCourses\\task5\\src\\Components\\MovieList\\MovieList.jsx": {"path":"E:\\ReactCourses\\task5\\src\\Components\\MovieList\\MovieList.jsx","statementMap":{"0":{"start":{"line":9,"column":18},"end":{"line":29,"column":1}},"1":{"start":{"line":11,"column":24},"end":{"line":19,"column":5}},"2":{"start":{"line":12,"column":8},"end":{"line":18,"column":9}},"3":{"start":{"line":13,"column":12},"end":{"line":15,"column":15}},"4":{"start":{"line":14,"column":16},"end":{"line":14,"column":70}},"5":{"start":{"line":17,"column":12},"end":{"line":17,"column":67}},"6":{"start":{"line":21,"column":4},"end":{"line":27,"column":5}},"7":{"start":{"line":31,"column":0},"end":{"line":33,"column":2}}},"fnMap":{"0":{"name":"(anonymous_0)","decl":{"start":{"line":9,"column":18},"end":{"line":9,"column":19}},"loc":{"start":{"line":9,"column":34},"end":{"line":29,"column":1}},"line":9},"1":{"name":"(anonymous_1)","decl":{"start":{"line":11,"column":24},"end":{"line":11,"column":25}},"loc":{"start":{"line":11,"column":30},"end":{"line":19,"column":5}},"line":11},"2":{"name":"(anonymous_2)","decl":{"start":{"line":13,"column":30},"end":{"line":13,"column":31}},"loc":{"start":{"line":13,"column":46},"end":{"line":15,"column":13}},"line":13}},"branchMap":{"0":{"loc":{"start":{"line":12,"column":8},"end":{"line":18,"column":9}},"type":"if","locations":[{"start":{"line":12,"column":8},"end":{"line":18,"column":9}},{"start":{"line":12,"column":8},"end":{"line":18,"column":9}}],"line":12},"1":{"loc":{"start":{"line":12,"column":12},"end":{"line":12,"column":39}},"type":"binary-expr","locations":[{"start":{"line":12,"column":12},"end":{"line":12,"column":18}},{"start":{"line":12,"column":22},"end":{"line":12,"column":39}}],"line":12}},"s":{"0":3,"1":5,"2":5,"3":1,"4":2,"5":4,"6":5,"7":3},"f":{"0":5,"1":5,"2":2},"b":{"0":[1,4],"1":[5,5]},"_coverageSchema":"43e27e138ebf9cfc5966b082cf9a028302ed4184","hash":"f451c623d7fd3c9ecef703bdf26c430a893fa8e8"}
,"E:\\ReactCourses\\task5\\src\\Components\\MovieThumblail\\MovieThumbnail.jsx": {"path":"E:\\ReactCourses\\task5\\src\\Components\\MovieThumblail\\MovieThumbnail.jsx","statementMap":{"0":{"start":{"line":9,"column":8},"end":{"line":9,"column":47}},"1":{"start":{"line":13,"column":8},"end":{"line":13,"column":86}},"2":{"start":{"line":13,"column":34},"end":{"line":13,"column":83}},"3":{"start":{"line":17,"column":59},"end":{"line":17,"column":75}},"4":{"start":{"line":18,"column":8},"end":{"line":28,"column":9}},"5":{"start":{"line":32,"column":0},"end":{"line":34,"column":2}}},"fnMap":{"0":{"name":"(anonymous_0)","decl":{"start":{"line":8,"column":4},"end":{"line":8,"column":5}},"loc":{"start":{"line":8,"column":21},"end":{"line":10,"column":5}},"line":8},"1":{"name":"(anonymous_1)","decl":{"start":{"line":12,"column":4},"end":{"line":12,"column":5}},"loc":{"start":{"line":12,"column":22},"end":{"line":14,"column":5}},"line":12},"2":{"name":"(anonymous_2)","decl":{"start":{"line":13,"column":23},"end":{"line":13,"column":24}},"loc":{"start":{"line":13,"column":34},"end":{"line":13,"column":83}},"line":13},"3":{"name":"(anonymous_3)","decl":{"start":{"line":16,"column":4},"end":{"line":16,"column":5}},"loc":{"start":{"line":16,"column":13},"end":{"line":29,"column":5}},"line":16}},"branchMap":{},"s":{"0":3,"1":3,"2":3,"3":3,"4":3,"5":4},"f":{"0":3,"1":3,"2":3,"3":3},"b":{},"_coverageSchema":"43e27e138ebf9cfc5966b082cf9a028302ed4184","hash":"de6edbe16357a36da7054a7a74c6f42c435e438b"}
,"E:\\ReactCourses\\task5\\src\\Containers\\SearchPage\\SearchPage.jsx": {"path":"E:\\ReactCourses\\task5\\src\\Containers\\SearchPage\\SearchPage.jsx","statementMap":{"0":{"start":{"line":13,"column":8},"end":{"line":13,"column":21}},"1":{"start":{"line":18,"column":8},"end":{"line":18,"column":32}},"2":{"start":{"line":23,"column":8},"end":{"line":23,"column":41}},"3":{"start":{"line":24,"column":8},"end":{"line":24,"column":82}},"4":{"start":{"line":29,"column":8},"end":{"line":29,"column":93}},"5":{"start":{"line":33,"column":94},"end":{"line":33,"column":104}},"6":{"start":{"line":35,"column":8},"end":{"line":56,"column":10}},"7":{"start":{"line":61,"column":25},"end":{"line":66,"column":2}},"8":{"start":{"line":61,"column":37},"end":{"line":66,"column":1}},"9":{"start":{"line":68,"column":27},"end":{"line":73,"column":2}},"10":{"start":{"line":68,"column":42},"end":{"line":73,"column":1}},"11":{"start":{"line":69,"column":46},"end":{"line":69,"column":92}},"12":{"start":{"line":70,"column":26},"end":{"line":70,"column":45}},"13":{"start":{"line":71,"column":28},"end":{"line":71,"column":49}},"14":{"start":{"line":72,"column":33},"end":{"line":72,"column":59}},"15":{"start":{"line":75,"column":19},"end":{"line":75,"column":79}}},"fnMap":{"0":{"name":"(anonymous_0)","decl":{"start":{"line":12,"column":4},"end":{"line":12,"column":5}},"loc":{"start":{"line":12,"column":23},"end":{"line":15,"column":5}},"line":12},"1":{"name":"(anonymous_1)","decl":{"start":{"line":17,"column":4},"end":{"line":17,"column":5}},"loc":{"start":{"line":17,"column":24},"end":{"line":19,"column":5}},"line":17},"2":{"name":"(anonymous_2)","decl":{"start":{"line":22,"column":26},"end":{"line":22,"column":27}},"loc":{"start":{"line":22,"column":38},"end":{"line":25,"column":5}},"line":22},"3":{"name":"(anonymous_3)","decl":{"start":{"line":28,"column":19},"end":{"line":28,"column":20}},"loc":{"start":{"line":28,"column":25},"end":{"line":30,"column":5}},"line":28},"4":{"name":"(anonymous_4)","decl":{"start":{"line":32,"column":4},"end":{"line":32,"column":5}},"loc":{"start":{"line":32,"column":13},"end":{"line":57,"column":5}},"line":32},"5":{"name":"(anonymous_5)","decl":{"start":{"line":61,"column":25},"end":{"line":61,"column":26}},"loc":{"start":{"line":61,"column":37},"end":{"line":66,"column":1}},"line":61},"6":{"name":"(anonymous_6)","decl":{"start":{"line":68,"column":27},"end":{"line":68,"column":28}},"loc":{"start":{"line":68,"column":42},"end":{"line":73,"column":1}},"line":68},"7":{"name":"(anonymous_7)","decl":{"start":{"line":69,"column":16},"end":{"line":69,"column":17}},"loc":{"start":{"line":69,"column":46},"end":{"line":69,"column":92}},"line":69},"8":{"name":"(anonymous_8)","decl":{"start":{"line":70,"column":19},"end":{"line":70,"column":20}},"loc":{"start":{"line":70,"column":26},"end":{"line":70,"column":45}},"line":70},"9":{"name":"(anonymous_9)","decl":{"start":{"line":71,"column":21},"end":{"line":71,"column":22}},"loc":{"start":{"line":71,"column":28},"end":{"line":71,"column":49}},"line":71},"10":{"name":"(anonymous_10)","decl":{"start":{"line":72,"column":23},"end":{"line":72,"column":24}},"loc":{"start":{"line":72,"column":33},"end":{"line":72,"column":59}},"line":72}},"branchMap":{},"s":{"0":3,"1":3,"2":0,"3":0,"4":1,"5":3,"6":3,"7":2,"8":3,"9":2,"10":3,"11":4,"12":0,"13":0,"14":1,"15":2},"f":{"0":3,"1":3,"2":0,"3":1,"4":3,"5":3,"6":3,"7":4,"8":0,"9":0,"10":1},"b":{},"_coverageSchema":"43e27e138ebf9cfc5966b082cf9a028302ed4184","hash":"04c8b65234e926c1419a7d8d48eb2b7a2eb8c814"}
,"E:\\ReactCourses\\task5\\src\\Reducers\\mainReducer.js": {"path":"E:\\ReactCourses\\task5\\src\\Reducers\\mainReducer.js","statementMap":{"0":{"start":{"line":4,"column":21},"end":{"line":4,"column":45}},"1":{"start":{"line":5,"column":4},"end":{"line":7,"column":5}},"2":{"start":{"line":6,"column":8},"end":{"line":6,"column":32}},"3":{"start":{"line":9,"column":4},"end":{"line":12,"column":5}},"4":{"start":{"line":10,"column":8},"end":{"line":10,"column":50}},"5":{"start":{"line":11,"column":8},"end":{"line":11,"column":24}},"6":{"start":{"line":14,"column":4},"end":{"line":17,"column":5}},"7":{"start":{"line":15,"column":8},"end":{"line":15,"column":49}},"8":{"start":{"line":16,"column":8},"end":{"line":16,"column":24}},"9":{"start":{"line":19,"column":4},"end":{"line":22,"column":5}},"10":{"start":{"line":20,"column":8},"end":{"line":20,"column":51}},"11":{"start":{"line":21,"column":8},"end":{"line":21,"column":24}},"12":{"start":{"line":24,"column":4},"end":{"line":27,"column":5}},"13":{"start":{"line":25,"column":8},"end":{"line":25,"column":52}},"14":{"start":{"line":26,"column":8},"end":{"line":26,"column":24}},"15":{"start":{"line":29,"column":4},"end":{"line":29,"column":17}}},"fnMap":{"0":{"name":"mainReducer","decl":{"start":{"line":3,"column":16},"end":{"line":3,"column":27}},"loc":{"start":{"line":3,"column":48},"end":{"line":30,"column":1}},"line":3}},"branchMap":{"0":{"loc":{"start":{"line":3,"column":28},"end":{"line":3,"column":38}},"type":"default-arg","locations":[{"start":{"line":3,"column":36},"end":{"line":3,"column":38}}],"line":3},"1":{"loc":{"start":{"line":5,"column":4},"end":{"line":7,"column":5}},"type":"if","locations":[{"start":{"line":5,"column":4},"end":{"line":7,"column":5}},{"start":{"line":5,"column":4},"end":{"line":7,"column":5}}],"line":5},"2":{"loc":{"start":{"line":9,"column":4},"end":{"line":12,"column":5}},"type":"if","locations":[{"start":{"line":9,"column":4},"end":{"line":12,"column":5}},{"start":{"line":9,"column":4},"end":{"line":12,"column":5}}],"line":9},"3":{"loc":{"start":{"line":14,"column":4},"end":{"line":17,"column":5}},"type":"if","locations":[{"start":{"line":14,"column":4},"end":{"line":17,"column":5}},{"start":{"line":14,"column":4},"end":{"line":17,"column":5}}],"line":14},"4":{"loc":{"start":{"line":19,"column":4},"end":{"line":22,"column":5}},"type":"if","locations":[{"start":{"line":19,"column":4},"end":{"line":22,"column":5}},{"start":{"line":19,"column":4},"end":{"line":22,"column":5}}],"line":19},"5":{"loc":{"start":{"line":24,"column":4},"end":{"line":27,"column":5}},"type":"if","locations":[{"start":{"line":24,"column":4},"end":{"line":27,"column":5}},{"start":{"line":24,"column":4},"end":{"line":27,"column":5}}],"line":24}},"s":{"0":5,"1":5,"2":4,"3":5,"4":1,"5":1,"6":4,"7":1,"8":1,"9":3,"10":1,"11":1,"12":2,"13":1,"14":1,"15":1},"f":{"0":5},"b":{"0":[0],"1":[4,1],"2":[1,4],"3":[1,3],"4":[1,2],"5":[1,1]},"_coverageSchema":"43e27e138ebf9cfc5966b082cf9a028302ed4184","hash":"0a8901a2068d660ac0e4e882c0836f41d77dc6ee"}
}
