TN:
SF:E:\ReactCourses\task5\src\api.js
FN:4,getMovies
FN:23,(anonymous_1)
FNF:2
FNH:0
FNDA:0,getMovies
FNDA:0,(anonymous_1)
DA:5,0
DA:7,0
DA:8,0
DA:11,0
DA:12,0
DA:15,0
DA:16,0
DA:17,0
DA:20,0
DA:22,0
DA:24,0
LF:11
LH:0
BRDA:7,0,0,0
BRDA:7,0,1,0
BRDA:11,1,0,0
BRDA:11,1,1,0
BRDA:15,2,0,0
BRDA:15,2,1,0
BRF:6
BRH:0
end_of_record
TN:
SF:E:\ReactCourses\task5\src\index.js
FNF:0
FNH:0
DA:5,0
DA:10,0
DA:11,0
LF:3
LH:0
BRDA:10,0,0,0
BRDA:10,0,1,0
BRF:2
BRH:0
end_of_record
TN:
SF:E:\ReactCourses\task5\src\Actions\Actions.js
FN:5,receiveMovies
FN:15,loadMovies
FN:30,(anonymous_2)
FN:32,(anonymous_3)
FN:38,sortBy
FN:48,searchBy
FN:57,searchText
FNF:7
FNH:7
FNDA:3,receiveMovies
FNDA:4,loadMovies
FNDA:4,(anonymous_2)
FNDA:3,(anonymous_3)
FNDA:1,sortBy
FNDA:1,searchBy
FNDA:1,searchText
DA:3,4
DA:6,3
DA:7,3
DA:13,4
DA:16,4
DA:18,4
DA:19,0
DA:21,4
DA:22,1
DA:24,4
DA:25,1
DA:26,1
DA:28,4
DA:30,4
DA:31,4
DA:32,3
DA:36,4
DA:39,1
DA:46,4
DA:49,1
DA:55,4
DA:58,1
LF:22
LH:21
BRDA:18,0,0,0
BRDA:18,0,1,4
BRDA:21,1,0,1
BRDA:21,1,1,3
BRDA:24,2,0,1
BRDA:24,2,1,3
BRF:6
BRH:5
end_of_record
TN:
SF:E:\ReactCourses\task5\src\App\App.js
FN:22,(anonymous_0)
FNF:1
FNH:1
FNDA:1,(anonymous_0)
DA:11,1
DA:23,1
LF:2
LH:2
BRF:0
BRH:0
end_of_record
TN:
SF:E:\ReactCourses\task5\src\Components\ErrorBoundary.jsx
FN:5,(anonymous_0)
FN:15,(anonymous_1)
FN:22,(anonymous_2)
FNF:3
FNH:2
FNDA:3,(anonymous_0)
FNDA:0,(anonymous_1)
FNDA:3,(anonymous_2)
DA:6,3
DA:7,3
DA:16,0
DA:23,3
DA:25,0
DA:37,3
LF:6
LH:4
BRDA:23,0,0,0
BRDA:23,0,1,3
BRDA:29,1,0,0
BRDA:29,1,1,0
BRF:4
BRH:1
end_of_record
TN:
SF:E:\ReactCourses\task5\src\Components\Footer\Footer.jsx
FN:4,(anonymous_0)
FNF:1
FNH:1
FNDA:2,(anonymous_0)
DA:4,2
LF:1
LH:1
BRF:0
BRH:0
end_of_record
TN:
SF:E:\ReactCourses\task5\src\Components\Header\Header.jsx
FN:8,(anonymous_0)
FN:14,(anonymous_1)
FN:15,(anonymous_2)
FN:17,(anonymous_3)
FN:23,(anonymous_4)
FN:30,(anonymous_5)
FNF:6
FNH:6
FNDA:2,(anonymous_0)
FNDA:1,(anonymous_1)
FNDA:1,(anonymous_2)
FNDA:2,(anonymous_3)
FNDA:2,(anonymous_4)
FNDA:8,(anonymous_5)
DA:9,2
DA:11,2
DA:14,1
DA:15,1
DA:18,2
DA:20,2
DA:24,2
DA:26,2
DA:27,2
DA:32,8
DA:34,8
DA:71,3
LF:12
LH:12
BRDA:53,0,0,7
BRDA:53,0,1,1
BRDA:59,1,0,0
BRDA:59,1,1,8
BRF:4
BRH:3
end_of_record
TN:
SF:E:\ReactCourses\task5\src\Components\LineResultMovieList\LineResultMovieList.jsx
FN:6,(anonymous_0)
FN:7,(anonymous_1)
FN:8,(anonymous_2)
FNF:3
FNH:3
FNDA:7,(anonymous_0)
FNDA:1,(anonymous_1)
FNDA:1,(anonymous_2)
DA:6,3
DA:7,7
DA:8,7
DA:10,7
DA:30,3
LF:5
LH:5
BRDA:10,0,0,1
BRDA:10,0,1,6
BRDA:10,1,0,7
BRDA:10,1,1,6
BRDA:18,2,0,5
BRDA:18,2,1,1
BRDA:23,3,0,1
BRDA:23,3,1,5
BRF:8
BRH:8
end_of_record
TN:
SF:E:\ReactCourses\task5\src\Components\MovieList\MovieList.jsx
FN:9,(anonymous_0)
FN:11,(anonymous_1)
FN:13,(anonymous_2)
FNF:3
FNH:3
FNDA:5,(anonymous_0)
FNDA:5,(anonymous_1)
FNDA:2,(anonymous_2)
DA:9,3
DA:11,5
DA:12,5
DA:13,1
DA:14,2
DA:17,4
DA:21,5
DA:31,3
LF:8
LH:8
BRDA:12,0,0,1
BRDA:12,0,1,4
BRDA:12,1,0,5
BRDA:12,1,1,5
BRF:4
BRH:4
end_of_record
TN:
SF:E:\ReactCourses\task5\src\Components\MovieThumblail\MovieThumbnail.jsx
FN:8,(anonymous_0)
FN:12,(anonymous_1)
FN:13,(anonymous_2)
FN:16,(anonymous_3)
FNF:4
FNH:4
FNDA:3,(anonymous_0)
FNDA:3,(anonymous_1)
FNDA:3,(anonymous_2)
FNDA:3,(anonymous_3)
DA:9,3
DA:13,3
DA:17,3
DA:18,3
DA:32,4
LF:5
LH:5
BRF:0
BRH:0
end_of_record
TN:
SF:E:\ReactCourses\task5\src\Containers\SearchPage\SearchPage.jsx
FN:12,(anonymous_0)
FN:17,(anonymous_1)
FN:22,(anonymous_2)
FN:28,(anonymous_3)
FN:32,(anonymous_4)
FN:61,(anonymous_5)
FN:68,(anonymous_6)
FN:69,(anonymous_7)
FN:70,(anonymous_8)
FN:71,(anonymous_9)
FN:72,(anonymous_10)
FNF:11
FNH:8
FNDA:3,(anonymous_0)
FNDA:3,(anonymous_1)
FNDA:0,(anonymous_2)
FNDA:1,(anonymous_3)
FNDA:3,(anonymous_4)
FNDA:3,(anonymous_5)
FNDA:3,(anonymous_6)
FNDA:4,(anonymous_7)
FNDA:0,(anonymous_8)
FNDA:0,(anonymous_9)
FNDA:1,(anonymous_10)
DA:13,3
DA:18,3
DA:23,0
DA:24,0
DA:29,1
DA:33,3
DA:35,3
DA:61,3
DA:68,3
DA:69,4
DA:70,0
DA:71,0
DA:72,1
DA:75,2
LF:14
LH:10
BRF:0
BRH:0
end_of_record
TN:
SF:E:\ReactCourses\task5\src\Reducers\mainReducer.js
FN:3,mainReducer
FNF:1
FNH:1
FNDA:5,mainReducer
DA:4,5
DA:5,5
DA:6,4
DA:9,5
DA:10,1
DA:11,1
DA:14,4
DA:15,1
DA:16,1
DA:19,3
DA:20,1
DA:21,1
DA:24,2
DA:25,1
DA:26,1
DA:29,1
LF:16
LH:16
BRDA:3,0,0,0
BRDA:5,1,0,4
BRDA:5,1,1,1
BRDA:9,2,0,1
BRDA:9,2,1,4
BRDA:14,3,0,1
BRDA:14,3,1,3
BRDA:19,4,0,1
BRDA:19,4,1,2
BRDA:24,5,0,1
BRDA:24,5,1,1
BRF:11
BRH:10
end_of_record
