{"E:\\ReactCourses\\task2\\src\\index.js": {"path":"E:\\ReactCourses\\task2\\src\\index.js","statementMap":{"0":{"start":{"line":11,"column":19},"end":{"line":11,"column":68}},"1":{"start":{"line":13,"column":0},"end":{"line":21,"column":2}},"2":{"start":{"line":23,"column":0},"end":{"line":25,"column":1}},"3":{"start":{"line":24,"column":4},"end":{"line":24,"column":24}}},"fnMap":{},"branchMap":{"0":{"loc":{"start":{"line":23,"column":0},"end":{"line":25,"column":1}},"type":"if","locations":[{"start":{"line":23,"column":0},"end":{"line":25,"column":1}},{"start":{"line":23,"column":0},"end":{"line":25,"column":1}}],"line":23}},"s":{"0":0,"1":0,"2":0,"3":0},"f":{},"b":{"0":[0,0]}}
,"E:\\ReactCourses\\task2\\src\\HelloWorldComponents\\HelloWorld1\\index.jsx": {"path":"E:\\ReactCourses\\task2\\src\\HelloWorldComponents\\HelloWorld1\\index.jsx","statementMap":{"0":{"start":{"line":6,"column":8},"end":{"line":6,"column":40}}},"fnMap":{"0":{"name":"(anonymous_0)","decl":{"start":{"line":5,"column":4},"end":{"line":5,"column":5}},"loc":{"start":{"line":5,"column":13},"end":{"line":7,"column":5}},"line":5}},"branchMap":{},"s":{"0":1},"f":{"0":1},"b":{},"_coverageSchema":"43e27e138ebf9cfc5966b082cf9a028302ed4184","hash":"4d5824c58bfa809b08d5ee44d0234bdcf86eacd7"}
,"E:\\ReactCourses\\task2\\src\\HelloWorldComponents\\HelloWorld2\\index.jsx": {"path":"E:\\ReactCourses\\task2\\src\\HelloWorldComponents\\HelloWorld2\\index.jsx","statementMap":{"0":{"start":{"line":6,"column":8},"end":{"line":6,"column":40}}},"fnMap":{"0":{"name":"(anonymous_0)","decl":{"start":{"line":5,"column":4},"end":{"line":5,"column":5}},"loc":{"start":{"line":5,"column":13},"end":{"line":7,"column":5}},"line":5}},"branchMap":{},"s":{"0":1},"f":{"0":1},"b":{},"_coverageSchema":"43e27e138ebf9cfc5966b082cf9a028302ed4184","hash":"27f07e5ed9dd2be35169930fd817d38979fe8a3e"}
,"E:\\ReactCourses\\task2\\src\\HelloWorldComponents\\HelloWorld3\\index.jsx": {"path":"E:\\ReactCourses\\task2\\src\\HelloWorldComponents\\HelloWorld3\\index.jsx","statementMap":{"0":{"start":{"line":3,"column":20},"end":{"line":3,"column":52}},"1":{"start":{"line":3,"column":27},"end":{"line":3,"column":51}}},"fnMap":{"0":{"name":"(anonymous_0)","decl":{"start":{"line":3,"column":20},"end":{"line":3,"column":21}},"loc":{"start":{"line":3,"column":27},"end":{"line":3,"column":51}},"line":3}},"branchMap":{},"s":{"0":0,"1":0},"f":{"0":0},"b":{}}
}
