TN:
SF:E:\ReactCourses\task2\src\index.js
FNF:0
FNH:0
DA:11,0
DA:13,0
DA:23,0
DA:24,0
LF:4
LH:0
BRDA:23,0,0,0
BRDA:23,0,1,0
BRF:2
BRH:0
end_of_record
TN:
SF:E:\ReactCourses\task2\src\HelloWorldComponents\HelloWorld1\index.jsx
FN:5,(anonymous_0)
FNF:1
FNH:1
FNDA:1,(anonymous_0)
DA:6,1
LF:1
LH:1
BRF:0
BRH:0
end_of_record
TN:
SF:E:\ReactCourses\task2\src\HelloWorldComponents\HelloWorld2\index.jsx
FN:5,(anonymous_0)
FNF:1
FNH:1
FNDA:1,(anonymous_0)
DA:6,1
LF:1
LH:1
BRF:0
BRH:0
end_of_record
TN:
SF:E:\ReactCourses\task2\src\HelloWorldComponents\HelloWorld3\index.jsx
FN:3,(anonymous_0)
FNF:1
FNH:0
FNDA:0,(anonymous_0)
DA:3,0
LF:1
LH:0
BRF:0
BRH:0
end_of_record
