{"E:\\ReactCourses\\task2\\src\\HelloWorldComponents\\HelloWorld1.jsx": {"path":"E:\\ReactCourses\\task2\\src\\HelloWorldComponents\\HelloWorld1.jsx","statementMap":{"0":{"start":{"line":6,"column":8},"end":{"line":6,"column":40}}},"fnMap":{"0":{"name":"(anonymous_0)","decl":{"start":{"line":5,"column":4},"end":{"line":5,"column":5}},"loc":{"start":{"line":5,"column":13},"end":{"line":7,"column":5}},"line":5}},"branchMap":{},"s":{"0":1},"f":{"0":1},"b":{},"_coverageSchema":"43e27e138ebf9cfc5966b082cf9a028302ed4184","hash":"396442220d6a40d0c1ae411d72b77f2b5e6c24aa"}
,"E:\\ReactCourses\\task2\\src\\HelloWorldComponents\\HelloWorld2.jsx": {"path":"E:\\ReactCourses\\task2\\src\\HelloWorldComponents\\HelloWorld2.jsx","statementMap":{"0":{"start":{"line":6,"column":8},"end":{"line":6,"column":40}}},"fnMap":{"0":{"name":"(anonymous_0)","decl":{"start":{"line":5,"column":4},"end":{"line":5,"column":5}},"loc":{"start":{"line":5,"column":13},"end":{"line":7,"column":5}},"line":5}},"branchMap":{},"s":{"0":1},"f":{"0":1},"b":{},"_coverageSchema":"43e27e138ebf9cfc5966b082cf9a028302ed4184","hash":"d85536d0b9c34de211fd5590b32294c270dabf30"}
}
