{"E:\\ReactCourses\\task2\\src\\index.js": {"path":"E:\\ReactCourses\\task2\\src\\index.js","statementMap":{"0":{"start":{"line":11,"column":19},"end":{"line":11,"column":68}},"1":{"start":{"line":13,"column":0},"end":{"line":21,"column":2}},"2":{"start":{"line":23,"column":0},"end":{"line":25,"column":1}},"3":{"start":{"line":24,"column":4},"end":{"line":24,"column":24}}},"fnMap":{},"branchMap":{"0":{"loc":{"start":{"line":23,"column":0},"end":{"line":25,"column":1}},"type":"if","locations":[{"start":{"line":23,"column":0},"end":{"line":25,"column":1}},{"start":{"line":23,"column":0},"end":{"line":25,"column":1}}],"line":23}},"s":{"0":0,"1":0,"2":0,"3":0},"f":{},"b":{"0":[0,0]}}
,"E:\\ReactCourses\\task2\\src\\HelloWorldComponents\\HelloWorld1\\HelloWorld1.jsx": {"path":"E:\\ReactCourses\\task2\\src\\HelloWorldComponents\\HelloWorld1\\HelloWorld1.jsx","statementMap":{"0":{"start":{"line":6,"column":8},"end":{"line":6,"column":40}}},"fnMap":{"0":{"name":"(anonymous_0)","decl":{"start":{"line":5,"column":4},"end":{"line":5,"column":5}},"loc":{"start":{"line":5,"column":13},"end":{"line":7,"column":5}},"line":5}},"branchMap":{},"s":{"0":1},"f":{"0":1},"b":{},"_coverageSchema":"43e27e138ebf9cfc5966b082cf9a028302ed4184","hash":"7480ee64eb20ba570fd18a9b12ad119e89542999"}
,"E:\\ReactCourses\\task2\\src\\HelloWorldComponents\\HelloWorld2\\HelloWorld2.jsx": {"path":"E:\\ReactCourses\\task2\\src\\HelloWorldComponents\\HelloWorld2\\HelloWorld2.jsx","statementMap":{"0":{"start":{"line":6,"column":8},"end":{"line":6,"column":40}}},"fnMap":{"0":{"name":"(anonymous_0)","decl":{"start":{"line":5,"column":4},"end":{"line":5,"column":5}},"loc":{"start":{"line":5,"column":13},"end":{"line":7,"column":5}},"line":5}},"branchMap":{},"s":{"0":1},"f":{"0":1},"b":{},"_coverageSchema":"43e27e138ebf9cfc5966b082cf9a028302ed4184","hash":"30b00bd058579b5d1b29bf2a84d656f91d4dc10f"}
,"E:\\ReactCourses\\task2\\src\\HelloWorldComponents\\HelloWorld3\\HelloWorld3.jsx": {"path":"E:\\ReactCourses\\task2\\src\\HelloWorldComponents\\HelloWorld3\\HelloWorld3.jsx","statementMap":{"0":{"start":{"line":3,"column":20},"end":{"line":3,"column":52}},"1":{"start":{"line":3,"column":27},"end":{"line":3,"column":51}}},"fnMap":{"0":{"name":"(anonymous_0)","decl":{"start":{"line":3,"column":20},"end":{"line":3,"column":21}},"loc":{"start":{"line":3,"column":27},"end":{"line":3,"column":51}},"line":3}},"branchMap":{},"s":{"0":0,"1":0},"f":{"0":0},"b":{}}
}
