{"E:\\ReactCourses\\task6\\src\\api.js": {"path":"E:\\ReactCourses\\task6\\src\\api.js","statementMap":{"0":{"start":{"line":5,"column":17},"end":{"line":5,"column":19}},"1":{"start":{"line":7,"column":4},"end":{"line":9,"column":5}},"2":{"start":{"line":8,"column":8},"end":{"line":8,"column":40}},"3":{"start":{"line":11,"column":4},"end":{"line":13,"column":5}},"4":{"start":{"line":12,"column":8},"end":{"line":12,"column":44}},"5":{"start":{"line":15,"column":4},"end":{"line":18,"column":5}},"6":{"start":{"line":16,"column":8},"end":{"line":16,"column":40}},"7":{"start":{"line":17,"column":8},"end":{"line":17,"column":38}},"8":{"start":{"line":20,"column":18},"end":{"line":20,"column":80}},"9":{"start":{"line":22,"column":4},"end":{"line":25,"column":15}},"10":{"start":{"line":24,"column":16},"end":{"line":24,"column":32}},"11":{"start":{"line":29,"column":4},"end":{"line":33,"column":11}},"12":{"start":{"line":30,"column":23},"end":{"line":30,"column":38}},"13":{"start":{"line":32,"column":12},"end":{"line":32,"column":29}},"14":{"start":{"line":37,"column":4},"end":{"line":38,"column":47}},"15":{"start":{"line":38,"column":23},"end":{"line":38,"column":43}}},"fnMap":{"0":{"name":"getMovies","decl":{"start":{"line":4,"column":16},"end":{"line":4,"column":25}},"loc":{"start":{"line":4,"column":52},"end":{"line":26,"column":1}},"line":4},"1":{"name":"(anonymous_1)","decl":{"start":{"line":23,"column":18},"end":{"line":23,"column":19}},"loc":{"start":{"line":23,"column":25},"end":{"line":25,"column":13}},"line":23},"2":{"name":"getMovie","decl":{"start":{"line":28,"column":16},"end":{"line":28,"column":24}},"loc":{"start":{"line":28,"column":29},"end":{"line":34,"column":1}},"line":28},"3":{"name":"(anonymous_3)","decl":{"start":{"line":30,"column":14},"end":{"line":30,"column":15}},"loc":{"start":{"line":30,"column":21},"end":{"line":30,"column":40}},"line":30},"4":{"name":"(anonymous_4)","decl":{"start":{"line":31,"column":15},"end":{"line":31,"column":16}},"loc":{"start":{"line":31,"column":22},"end":{"line":33,"column":9}},"line":31},"5":{"name":"getMoviesByGenres","decl":{"start":{"line":36,"column":16},"end":{"line":36,"column":33}},"loc":{"start":{"line":36,"column":42},"end":{"line":39,"column":1}},"line":36},"6":{"name":"(anonymous_6)","decl":{"start":{"line":38,"column":14},"end":{"line":38,"column":15}},"loc":{"start":{"line":38,"column":21},"end":{"line":38,"column":45}},"line":38}},"branchMap":{"0":{"loc":{"start":{"line":7,"column":4},"end":{"line":9,"column":5}},"type":"if","locations":[{"start":{"line":7,"column":4},"end":{"line":9,"column":5}},{"start":{"line":7,"column":4},"end":{"line":9,"column":5}}],"line":7},"1":{"loc":{"start":{"line":11,"column":4},"end":{"line":13,"column":5}},"type":"if","locations":[{"start":{"line":11,"column":4},"end":{"line":13,"column":5}},{"start":{"line":11,"column":4},"end":{"line":13,"column":5}}],"line":11},"2":{"loc":{"start":{"line":15,"column":4},"end":{"line":18,"column":5}},"type":"if","locations":[{"start":{"line":15,"column":4},"end":{"line":18,"column":5}},{"start":{"line":15,"column":4},"end":{"line":18,"column":5}}],"line":15}},"s":{"0":0,"1":0,"2":0,"3":0,"4":0,"5":0,"6":0,"7":0,"8":0,"9":0,"10":0,"11":1,"12":1,"13":0,"14":1,"15":1},"f":{"0":0,"1":0,"2":1,"3":1,"4":0,"5":1,"6":1},"b":{"0":[0,0],"1":[0,0],"2":[0,0]},"_coverageSchema":"43e27e138ebf9cfc5966b082cf9a028302ed4184","hash":"a5197ee13b40a743f442745c46643f3293783149"}
,"E:\\ReactCourses\\task6\\src\\configureStore.js": {"path":"E:\\ReactCourses\\task6\\src\\configureStore.js","statementMap":{"0":{"start":{"line":8,"column":22},"end":{"line":11,"column":1}},"1":{"start":{"line":13,"column":15},"end":{"line":13,"column":21}},"2":{"start":{"line":13,"column":20},"end":{"line":13,"column":21}},"3":{"start":{"line":15,"column":0},"end":{"line":19,"column":1}},"4":{"start":{"line":18,"column":4},"end":{"line":18,"column":53}},"5":{"start":{"line":21,"column":25},"end":{"line":21,"column":67}},"6":{"start":{"line":23,"column":14},"end":{"line":23,"column":87}},"7":{"start":{"line":25,"column":18},"end":{"line":25,"column":37}}},"fnMap":{"0":{"name":"(anonymous_0)","decl":{"start":{"line":13,"column":15},"end":{"line":13,"column":16}},"loc":{"start":{"line":13,"column":20},"end":{"line":13,"column":21}},"line":13}},"branchMap":{"0":{"loc":{"start":{"line":15,"column":0},"end":{"line":19,"column":1}},"type":"if","locations":[{"start":{"line":15,"column":0},"end":{"line":19,"column":1}},{"start":{"line":15,"column":0},"end":{"line":19,"column":1}}],"line":15},"1":{"loc":{"start":{"line":15,"column":4},"end":{"line":17,"column":39}},"type":"binary-expr","locations":[{"start":{"line":15,"column":4},"end":{"line":15,"column":19}},{"start":{"line":16,"column":4},"end":{"line":16,"column":41}},{"start":{"line":17,"column":4},"end":{"line":17,"column":39}}],"line":15}},"s":{"0":1,"1":1,"2":0,"3":1,"4":0,"5":1,"6":1,"7":1},"f":{"0":0},"b":{"0":[0,1],"1":[1,0,0]},"_coverageSchema":"43e27e138ebf9cfc5966b082cf9a028302ed4184","hash":"38b5248ca1eb8e5e671cafd762488ae129f9a173"}
,"E:\\ReactCourses\\task6\\src\\constants.js": {"path":"E:\\ReactCourses\\task6\\src\\constants.js","statementMap":{"0":{"start":{"line":1,"column":30},"end":{"line":1,"column":46}},"1":{"start":{"line":2,"column":37},"end":{"line":2,"column":60}},"2":{"start":{"line":3,"column":38},"end":{"line":3,"column":62}},"3":{"start":{"line":4,"column":23},"end":{"line":4,"column":32}},"4":{"start":{"line":5,"column":25},"end":{"line":5,"column":36}},"5":{"start":{"line":6,"column":27},"end":{"line":6,"column":40}}},"fnMap":{},"branchMap":{},"s":{"0":5,"1":5,"2":5,"3":5,"4":5,"5":5},"f":{},"b":{},"_coverageSchema":"43e27e138ebf9cfc5966b082cf9a028302ed4184","hash":"3f31339454a4e818d5cf831d0a996648f11e14bc"}
,"E:\\ReactCourses\\task6\\src\\index.js": {"path":"E:\\ReactCourses\\task6\\src\\index.js","statementMap":{"0":{"start":{"line":5,"column":0},"end":{"line":8,"column":2}},"1":{"start":{"line":10,"column":0},"end":{"line":12,"column":1}},"2":{"start":{"line":11,"column":4},"end":{"line":11,"column":24}}},"fnMap":{},"branchMap":{"0":{"loc":{"start":{"line":10,"column":0},"end":{"line":12,"column":1}},"type":"if","locations":[{"start":{"line":10,"column":0},"end":{"line":12,"column":1}},{"start":{"line":10,"column":0},"end":{"line":12,"column":1}}],"line":10}},"s":{"0":0,"1":0,"2":0},"f":{},"b":{"0":[0,0]}}
,"E:\\ReactCourses\\task6\\src\\Actions\\Actions.js": {"path":"E:\\ReactCourses\\task6\\src\\Actions\\Actions.js","statementMap":{"0":{"start":{"line":7,"column":4},"end":{"line":10,"column":5}},"1":{"start":{"line":14,"column":4},"end":{"line":17,"column":5}},"2":{"start":{"line":21,"column":4},"end":{"line":24,"column":5}},"3":{"start":{"line":28,"column":4},"end":{"line":31,"column":5}},"4":{"start":{"line":29,"column":8},"end":{"line":30,"column":75}},"5":{"start":{"line":30,"column":30},"end":{"line":30,"column":73}},"6":{"start":{"line":35,"column":4},"end":{"line":42,"column":5}},"7":{"start":{"line":36,"column":8},"end":{"line":41,"column":15}},"8":{"start":{"line":38,"column":16},"end":{"line":38,"column":60}},"9":{"start":{"line":39,"column":16},"end":{"line":40,"column":76}},"10":{"start":{"line":40,"column":36},"end":{"line":40,"column":74}},"11":{"start":{"line":46,"column":4},"end":{"line":49,"column":5}},"12":{"start":{"line":53,"column":4},"end":{"line":56,"column":5}},"13":{"start":{"line":60,"column":4},"end":{"line":63,"column":5}}},"fnMap":{"0":{"name":"receiveMovies","decl":{"start":{"line":6,"column":16},"end":{"line":6,"column":29}},"loc":{"start":{"line":6,"column":38},"end":{"line":11,"column":1}},"line":6},"1":{"name":"receiveMovieDetails","decl":{"start":{"line":13,"column":16},"end":{"line":13,"column":35}},"loc":{"start":{"line":13,"column":50},"end":{"line":18,"column":1}},"line":13},"2":{"name":"receiveRelatedMovies","decl":{"start":{"line":20,"column":16},"end":{"line":20,"column":36}},"loc":{"start":{"line":20,"column":45},"end":{"line":25,"column":1}},"line":20},"3":{"name":"loadMovies","decl":{"start":{"line":27,"column":16},"end":{"line":27,"column":26}},"loc":{"start":{"line":27,"column":36},"end":{"line":32,"column":1}},"line":27},"4":{"name":"(anonymous_4)","decl":{"start":{"line":28,"column":11},"end":{"line":28,"column":12}},"loc":{"start":{"line":28,"column":31},"end":{"line":31,"column":5}},"line":28},"5":{"name":"(anonymous_5)","decl":{"start":{"line":30,"column":18},"end":{"line":30,"column":19}},"loc":{"start":{"line":30,"column":30},"end":{"line":30,"column":73}},"line":30},"6":{"name":"loadMovieDetails","decl":{"start":{"line":34,"column":16},"end":{"line":34,"column":32}},"loc":{"start":{"line":34,"column":42},"end":{"line":43,"column":1}},"line":34},"7":{"name":"(anonymous_7)","decl":{"start":{"line":35,"column":11},"end":{"line":35,"column":12}},"loc":{"start":{"line":35,"column":31},"end":{"line":42,"column":5}},"line":35},"8":{"name":"(anonymous_8)","decl":{"start":{"line":37,"column":18},"end":{"line":37,"column":19}},"loc":{"start":{"line":37,"column":34},"end":{"line":41,"column":13}},"line":37},"9":{"name":"(anonymous_9)","decl":{"start":{"line":40,"column":26},"end":{"line":40,"column":27}},"loc":{"start":{"line":40,"column":36},"end":{"line":40,"column":74}},"line":40},"10":{"name":"sortBy","decl":{"start":{"line":45,"column":16},"end":{"line":45,"column":22}},"loc":{"start":{"line":45,"column":30},"end":{"line":50,"column":1}},"line":45},"11":{"name":"searchBy","decl":{"start":{"line":52,"column":16},"end":{"line":52,"column":24}},"loc":{"start":{"line":52,"column":32},"end":{"line":57,"column":1}},"line":52},"12":{"name":"searchText","decl":{"start":{"line":59,"column":16},"end":{"line":59,"column":26}},"loc":{"start":{"line":59,"column":33},"end":{"line":64,"column":1}},"line":59}},"branchMap":{},"s":{"0":0,"1":1,"2":1,"3":0,"4":0,"5":0,"6":1,"7":1,"8":1,"9":1,"10":1,"11":1,"12":1,"13":1},"f":{"0":0,"1":1,"2":1,"3":0,"4":0,"5":0,"6":1,"7":1,"8":1,"9":1,"10":1,"11":1,"12":1},"b":{},"_coverageSchema":"43e27e138ebf9cfc5966b082cf9a028302ed4184","hash":"62aeaaca64b71bab8c75016b4ce668c1650e496a"}
,"E:\\ReactCourses\\task6\\src\\App\\App.js": {"path":"E:\\ReactCourses\\task6\\src\\App\\App.js","statementMap":{"0":{"start":{"line":16,"column":8},"end":{"line":35,"column":10}}},"fnMap":{"0":{"name":"(anonymous_0)","decl":{"start":{"line":15,"column":4},"end":{"line":15,"column":5}},"loc":{"start":{"line":15,"column":13},"end":{"line":36,"column":5}},"line":15}},"branchMap":{},"s":{"0":1},"f":{"0":1},"b":{},"_coverageSchema":"43e27e138ebf9cfc5966b082cf9a028302ed4184","hash":"419b3197e384f2bef90a45f213dff91831194c9a"}
,"E:\\ReactCourses\\task6\\src\\Components\\ErrorBoundary.jsx": {"path":"E:\\ReactCourses\\task6\\src\\Components\\ErrorBoundary.jsx","statementMap":{"0":{"start":{"line":6,"column":8},"end":{"line":6,"column":21}},"1":{"start":{"line":7,"column":8},"end":{"line":7,"column":54}},"2":{"start":{"line":16,"column":8},"end":{"line":19,"column":10}},"3":{"start":{"line":23,"column":8},"end":{"line":35,"column":9}},"4":{"start":{"line":25,"column":12},"end":{"line":34,"column":14}},"5":{"start":{"line":37,"column":8},"end":{"line":37,"column":35}}},"fnMap":{"0":{"name":"(anonymous_0)","decl":{"start":{"line":5,"column":4},"end":{"line":5,"column":5}},"loc":{"start":{"line":5,"column":23},"end":{"line":8,"column":5}},"line":5},"1":{"name":"(anonymous_1)","decl":{"start":{"line":15,"column":4},"end":{"line":15,"column":5}},"loc":{"start":{"line":15,"column":35},"end":{"line":20,"column":5}},"line":15},"2":{"name":"(anonymous_2)","decl":{"start":{"line":22,"column":4},"end":{"line":22,"column":5}},"loc":{"start":{"line":22,"column":13},"end":{"line":38,"column":5}},"line":22}},"branchMap":{"0":{"loc":{"start":{"line":23,"column":8},"end":{"line":35,"column":9}},"type":"if","locations":[{"start":{"line":23,"column":8},"end":{"line":35,"column":9}},{"start":{"line":23,"column":8},"end":{"line":35,"column":9}}],"line":23},"1":{"loc":{"start":{"line":29,"column":25},"end":{"line":29,"column":72}},"type":"binary-expr","locations":[{"start":{"line":29,"column":25},"end":{"line":29,"column":41}},{"start":{"line":29,"column":45},"end":{"line":29,"column":72}}],"line":29}},"s":{"0":4,"1":4,"2":0,"3":7,"4":0,"5":7},"f":{"0":4,"1":0,"2":7},"b":{"0":[0,7],"1":[0,0]},"_coverageSchema":"43e27e138ebf9cfc5966b082cf9a028302ed4184","hash":"50f6ac345fe69b181d4349bfb62960aab2f5ac23"}
,"E:\\ReactCourses\\task6\\src\\Components\\Footer\\Footer.jsx": {"path":"E:\\ReactCourses\\task6\\src\\Components\\Footer\\Footer.jsx","statementMap":{"0":{"start":{"line":4,"column":15},"end":{"line":4,"column":68}},"1":{"start":{"line":4,"column":22},"end":{"line":4,"column":67}}},"fnMap":{"0":{"name":"(anonymous_0)","decl":{"start":{"line":4,"column":15},"end":{"line":4,"column":16}},"loc":{"start":{"line":4,"column":22},"end":{"line":4,"column":67}},"line":4}},"branchMap":{},"s":{"0":2,"1":2},"f":{"0":2},"b":{},"_coverageSchema":"43e27e138ebf9cfc5966b082cf9a028302ed4184","hash":"48943d9540865396bd87d835d36cbabf16e59fb4"}
,"E:\\ReactCourses\\task6\\src\\Components\\Header\\Header.jsx": {"path":"E:\\ReactCourses\\task6\\src\\Components\\Header\\Header.jsx","statementMap":{"0":{"start":{"line":9,"column":36},"end":{"line":9,"column":46}},"1":{"start":{"line":11,"column":8},"end":{"line":11,"column":34}},"2":{"start":{"line":14,"column":32},"end":{"line":14,"column":57}},"3":{"start":{"line":15,"column":32},"end":{"line":15,"column":58}},"4":{"start":{"line":18,"column":38},"end":{"line":18,"column":48}},"5":{"start":{"line":19,"column":8},"end":{"line":19,"column":46}},"6":{"start":{"line":23,"column":49},"end":{"line":23,"column":59}},"7":{"start":{"line":25,"column":8},"end":{"line":25,"column":27}},"8":{"start":{"line":26,"column":8},"end":{"line":26,"column":37}},"9":{"start":{"line":31,"column":41},"end":{"line":31,"column":51}},"10":{"start":{"line":33,"column":8},"end":{"line":66,"column":9}},"11":{"start":{"line":70,"column":0},"end":{"line":76,"column":2}}},"fnMap":{"0":{"name":"(anonymous_0)","decl":{"start":{"line":8,"column":18},"end":{"line":8,"column":19}},"loc":{"start":{"line":8,"column":32},"end":{"line":12,"column":5}},"line":8},"1":{"name":"(anonymous_1)","decl":{"start":{"line":14,"column":26},"end":{"line":14,"column":27}},"loc":{"start":{"line":14,"column":32},"end":{"line":14,"column":57}},"line":14},"2":{"name":"(anonymous_2)","decl":{"start":{"line":15,"column":26},"end":{"line":15,"column":27}},"loc":{"start":{"line":15,"column":32},"end":{"line":15,"column":58}},"line":15},"3":{"name":"(anonymous_3)","decl":{"start":{"line":17,"column":24},"end":{"line":17,"column":25}},"loc":{"start":{"line":17,"column":35},"end":{"line":20,"column":5}},"line":17},"4":{"name":"(anonymous_4)","decl":{"start":{"line":22,"column":19},"end":{"line":22,"column":20}},"loc":{"start":{"line":22,"column":26},"end":{"line":27,"column":5}},"line":22},"5":{"name":"(anonymous_5)","decl":{"start":{"line":29,"column":4},"end":{"line":29,"column":5}},"loc":{"start":{"line":29,"column":13},"end":{"line":67,"column":5}},"line":29}},"branchMap":{"0":{"loc":{"start":{"line":52,"column":39},"end":{"line":52,"column":84}},"type":"cond-expr","locations":[{"start":{"line":52,"column":63},"end":{"line":52,"column":77}},{"start":{"line":52,"column":80},"end":{"line":52,"column":84}}],"line":52},"1":{"loc":{"start":{"line":58,"column":39},"end":{"line":58,"column":85}},"type":"cond-expr","locations":[{"start":{"line":58,"column":64},"end":{"line":58,"column":78}},{"start":{"line":58,"column":81},"end":{"line":58,"column":85}}],"line":58}},"s":{"0":2,"1":2,"2":1,"3":1,"4":2,"5":2,"6":2,"7":2,"8":2,"9":10,"10":10,"11":3},"f":{"0":2,"1":1,"2":1,"3":2,"4":2,"5":10},"b":{"0":[9,1],"1":[0,10]},"_coverageSchema":"43e27e138ebf9cfc5966b082cf9a028302ed4184","hash":"bb9c56333a70f9f5908d7cf087439a2ae72ea50e"}
,"E:\\ReactCourses\\task6\\src\\Components\\LineResultGenres\\LineResultGenres.jsx": {"path":"E:\\ReactCourses\\task6\\src\\Components\\LineResultGenres\\LineResultGenres.jsx","statementMap":{"0":{"start":{"line":6,"column":25},"end":{"line":10,"column":1}},"1":{"start":{"line":7,"column":4},"end":{"line":9,"column":94}},"2":{"start":{"line":12,"column":0},"end":{"line":14,"column":2}}},"fnMap":{"0":{"name":"(anonymous_0)","decl":{"start":{"line":6,"column":25},"end":{"line":6,"column":26}},"loc":{"start":{"line":6,"column":39},"end":{"line":10,"column":1}},"line":6}},"branchMap":{"0":{"loc":{"start":{"line":7,"column":11},"end":{"line":9,"column":94}},"type":"cond-expr","locations":[{"start":{"line":8,"column":10},"end":{"line":8,"column":81}},{"start":{"line":9,"column":10},"end":{"line":9,"column":94}}],"line":7}},"s":{"0":3,"1":4,"2":3},"f":{"0":4},"b":{"0":[1,3]},"_coverageSchema":"43e27e138ebf9cfc5966b082cf9a028302ed4184","hash":"704c4d3c18efecb8a457cc5038375b2c363230a7"}
,"E:\\ReactCourses\\task6\\src\\Components\\LineResultMovieList\\LineResultMovieList.jsx": {"path":"E:\\ReactCourses\\task6\\src\\Components\\LineResultMovieList\\LineResultMovieList.jsx","statementMap":{"0":{"start":{"line":6,"column":28},"end":{"line":28,"column":1}},"1":{"start":{"line":7,"column":30},"end":{"line":7,"column":65}},"2":{"start":{"line":7,"column":36},"end":{"line":7,"column":65}},"3":{"start":{"line":8,"column":25},"end":{"line":8,"column":60}},"4":{"start":{"line":8,"column":31},"end":{"line":8,"column":60}},"5":{"start":{"line":10,"column":4},"end":{"line":27,"column":14}},"6":{"start":{"line":30,"column":0},"end":{"line":34,"column":2}}},"fnMap":{"0":{"name":"(anonymous_0)","decl":{"start":{"line":6,"column":28},"end":{"line":6,"column":29}},"loc":{"start":{"line":6,"column":70},"end":{"line":28,"column":1}},"line":6},"1":{"name":"(anonymous_1)","decl":{"start":{"line":7,"column":30},"end":{"line":7,"column":31}},"loc":{"start":{"line":7,"column":36},"end":{"line":7,"column":65}},"line":7},"2":{"name":"(anonymous_2)","decl":{"start":{"line":8,"column":25},"end":{"line":8,"column":26}},"loc":{"start":{"line":8,"column":31},"end":{"line":8,"column":60}},"line":8}},"branchMap":{"0":{"loc":{"start":{"line":10,"column":11},"end":{"line":27,"column":14}},"type":"cond-expr","locations":[{"start":{"line":11,"column":10},"end":{"line":11,"column":14}},{"start":{"line":12,"column":10},"end":{"line":27,"column":14}}],"line":10},"1":{"loc":{"start":{"line":10,"column":11},"end":{"line":10,"column":50}},"type":"binary-expr","locations":[{"start":{"line":10,"column":11},"end":{"line":10,"column":31}},{"start":{"line":10,"column":35},"end":{"line":10,"column":50}}],"line":10},"2":{"loc":{"start":{"line":18,"column":27},"end":{"line":18,"column":71}},"type":"cond-expr","locations":[{"start":{"line":18,"column":56},"end":{"line":18,"column":64}},{"start":{"line":18,"column":67},"end":{"line":18,"column":71}}],"line":18},"3":{"loc":{"start":{"line":23,"column":29},"end":{"line":23,"column":73}},"type":"cond-expr","locations":[{"start":{"line":23,"column":58},"end":{"line":23,"column":66}},{"start":{"line":23,"column":69},"end":{"line":23,"column":73}}],"line":23}},"s":{"0":3,"1":9,"2":1,"3":9,"4":1,"5":9,"6":3},"f":{"0":9,"1":1,"2":1},"b":{"0":[1,8],"1":[9,8],"2":[7,1],"3":[1,7]},"_coverageSchema":"43e27e138ebf9cfc5966b082cf9a028302ed4184","hash":"13b99cabce8e48acddf1c69a563489a63c8bf69c"}
,"E:\\ReactCourses\\task6\\src\\Components\\MovieDetails\\MovieDetails.jsx": {"path":"E:\\ReactCourses\\task6\\src\\Components\\MovieDetails\\MovieDetails.jsx","statementMap":{"0":{"start":{"line":10,"column":8},"end":{"line":10,"column":47}},"1":{"start":{"line":14,"column":8},"end":{"line":16,"column":9}},"2":{"start":{"line":15,"column":12},"end":{"line":15,"column":41}},"3":{"start":{"line":19,"column":79},"end":{"line":19,"column":95}},"4":{"start":{"line":21,"column":8},"end":{"line":45,"column":9}},"5":{"start":{"line":49,"column":0},"end":{"line":51,"column":3}}},"fnMap":{"0":{"name":"(anonymous_0)","decl":{"start":{"line":9,"column":4},"end":{"line":9,"column":5}},"loc":{"start":{"line":9,"column":21},"end":{"line":11,"column":5}},"line":9},"1":{"name":"(anonymous_1)","decl":{"start":{"line":13,"column":4},"end":{"line":13,"column":5}},"loc":{"start":{"line":13,"column":24},"end":{"line":17,"column":5}},"line":13},"2":{"name":"(anonymous_2)","decl":{"start":{"line":18,"column":4},"end":{"line":18,"column":5}},"loc":{"start":{"line":18,"column":13},"end":{"line":46,"column":5}},"line":18}},"branchMap":{"0":{"loc":{"start":{"line":14,"column":8},"end":{"line":16,"column":9}},"type":"if","locations":[{"start":{"line":14,"column":8},"end":{"line":16,"column":9}},{"start":{"line":14,"column":8},"end":{"line":16,"column":9}}],"line":14}},"s":{"0":3,"1":3,"2":1,"3":3,"4":3,"5":3},"f":{"0":3,"1":3,"2":3},"b":{"0":[1,2]},"_coverageSchema":"43e27e138ebf9cfc5966b082cf9a028302ed4184","hash":"fd6832f6a809beb26c81e7894467f9c0cdbe34a9"}
,"E:\\ReactCourses\\task6\\src\\Components\\MovieList\\MovieList.jsx": {"path":"E:\\ReactCourses\\task6\\src\\Components\\MovieList\\MovieList.jsx","statementMap":{"0":{"start":{"line":10,"column":8},"end":{"line":10,"column":21}},"1":{"start":{"line":14,"column":25},"end":{"line":14,"column":35}},"2":{"start":{"line":16,"column":8},"end":{"line":22,"column":9}},"3":{"start":{"line":17,"column":12},"end":{"line":19,"column":15}},"4":{"start":{"line":18,"column":16},"end":{"line":18,"column":71}},"5":{"start":{"line":21,"column":12},"end":{"line":21,"column":67}},"6":{"start":{"line":26,"column":8},"end":{"line":31,"column":19}},"7":{"start":{"line":35,"column":0},"end":{"line":37,"column":2}}},"fnMap":{"0":{"name":"(anonymous_0)","decl":{"start":{"line":9,"column":4},"end":{"line":9,"column":5}},"loc":{"start":{"line":9,"column":23},"end":{"line":11,"column":5}},"line":9},"1":{"name":"(anonymous_1)","decl":{"start":{"line":13,"column":18},"end":{"line":13,"column":19}},"loc":{"start":{"line":13,"column":24},"end":{"line":23,"column":5}},"line":13},"2":{"name":"(anonymous_2)","decl":{"start":{"line":17,"column":30},"end":{"line":17,"column":31}},"loc":{"start":{"line":17,"column":46},"end":{"line":19,"column":13}},"line":17},"3":{"name":"(anonymous_3)","decl":{"start":{"line":25,"column":4},"end":{"line":25,"column":5}},"loc":{"start":{"line":25,"column":13},"end":{"line":32,"column":5}},"line":25}},"branchMap":{"0":{"loc":{"start":{"line":16,"column":8},"end":{"line":22,"column":9}},"type":"if","locations":[{"start":{"line":16,"column":8},"end":{"line":22,"column":9}},{"start":{"line":16,"column":8},"end":{"line":22,"column":9}}],"line":16},"1":{"loc":{"start":{"line":16,"column":12},"end":{"line":16,"column":39}},"type":"binary-expr","locations":[{"start":{"line":16,"column":12},"end":{"line":16,"column":18}},{"start":{"line":16,"column":22},"end":{"line":16,"column":39}}],"line":16}},"s":{"0":6,"1":9,"2":9,"3":2,"4":3,"5":7,"6":9,"7":4},"f":{"0":6,"1":9,"2":3,"3":9},"b":{"0":[2,7],"1":[9,8]},"_coverageSchema":"43e27e138ebf9cfc5966b082cf9a028302ed4184","hash":"e6b1199a8724b527c975e012bd2cb6ef9b377221"}
,"E:\\ReactCourses\\task6\\src\\Components\\MovieThumblail\\MovieThumbnail.jsx": {"path":"E:\\ReactCourses\\task6\\src\\Components\\MovieThumblail\\MovieThumbnail.jsx","statementMap":{"0":{"start":{"line":11,"column":8},"end":{"line":11,"column":47}},"1":{"start":{"line":15,"column":8},"end":{"line":15,"column":86}},"2":{"start":{"line":15,"column":34},"end":{"line":15,"column":83}},"3":{"start":{"line":19,"column":59},"end":{"line":19,"column":75}},"4":{"start":{"line":21,"column":8},"end":{"line":33,"column":9}},"5":{"start":{"line":37,"column":0},"end":{"line":39,"column":2}}},"fnMap":{"0":{"name":"(anonymous_0)","decl":{"start":{"line":10,"column":4},"end":{"line":10,"column":5}},"loc":{"start":{"line":10,"column":21},"end":{"line":12,"column":5}},"line":10},"1":{"name":"(anonymous_1)","decl":{"start":{"line":14,"column":4},"end":{"line":14,"column":5}},"loc":{"start":{"line":14,"column":22},"end":{"line":16,"column":5}},"line":14},"2":{"name":"(anonymous_2)","decl":{"start":{"line":15,"column":23},"end":{"line":15,"column":24}},"loc":{"start":{"line":15,"column":34},"end":{"line":15,"column":83}},"line":15},"3":{"name":"(anonymous_3)","decl":{"start":{"line":18,"column":4},"end":{"line":18,"column":5}},"loc":{"start":{"line":18,"column":13},"end":{"line":34,"column":5}},"line":18}},"branchMap":{},"s":{"0":4,"1":4,"2":5,"3":4,"4":4,"5":5},"f":{"0":4,"1":4,"2":5,"3":4},"b":{},"_coverageSchema":"43e27e138ebf9cfc5966b082cf9a028302ed4184","hash":"fc2954985cb0843eee92d1c9dd1a82344606b25f"}
,"E:\\ReactCourses\\task6\\src\\Components\\NotFoundPage\\NotFounPage.jsx": {"path":"E:\\ReactCourses\\task6\\src\\Components\\NotFoundPage\\NotFounPage.jsx","statementMap":{"0":{"start":{"line":4,"column":21},"end":{"line":7,"column":7}},"1":{"start":{"line":4,"column":28},"end":{"line":7,"column":6}}},"fnMap":{"0":{"name":"(anonymous_0)","decl":{"start":{"line":4,"column":21},"end":{"line":4,"column":22}},"loc":{"start":{"line":4,"column":28},"end":{"line":7,"column":6}},"line":4}},"branchMap":{},"s":{"0":1,"1":0},"f":{"0":0},"b":{},"_coverageSchema":"43e27e138ebf9cfc5966b082cf9a028302ed4184","hash":"7f4eb02d87017d0194f2a375bc9d77c56cd32e4d"}
,"E:\\ReactCourses\\task6\\src\\Containers\\MovieDetailsPage\\MovieDetailsPage.jsx": {"path":"E:\\ReactCourses\\task6\\src\\Containers\\MovieDetailsPage\\MovieDetailsPage.jsx","statementMap":{"0":{"start":{"line":15,"column":8},"end":{"line":15,"column":64}},"1":{"start":{"line":19,"column":46},"end":{"line":19,"column":56}},"2":{"start":{"line":21,"column":8},"end":{"line":36,"column":9}},"3":{"start":{"line":22,"column":12},"end":{"line":32,"column":14}},"4":{"start":{"line":35,"column":12},"end":{"line":35,"column":50}},"5":{"start":{"line":40,"column":25},"end":{"line":43,"column":2}},"6":{"start":{"line":40,"column":37},"end":{"line":43,"column":1}},"7":{"start":{"line":45,"column":27},"end":{"line":47,"column":1}},"8":{"start":{"line":49,"column":25},"end":{"line":49,"column":91}}},"fnMap":{"0":{"name":"(anonymous_0)","decl":{"start":{"line":14,"column":4},"end":{"line":14,"column":5}},"loc":{"start":{"line":14,"column":24},"end":{"line":16,"column":5}},"line":14},"1":{"name":"(anonymous_1)","decl":{"start":{"line":18,"column":4},"end":{"line":18,"column":5}},"loc":{"start":{"line":18,"column":13},"end":{"line":37,"column":5}},"line":18},"2":{"name":"(anonymous_2)","decl":{"start":{"line":40,"column":25},"end":{"line":40,"column":26}},"loc":{"start":{"line":40,"column":37},"end":{"line":43,"column":1}},"line":40}},"branchMap":{"0":{"loc":{"start":{"line":21,"column":8},"end":{"line":36,"column":9}},"type":"if","locations":[{"start":{"line":21,"column":8},"end":{"line":36,"column":9}},{"start":{"line":21,"column":8},"end":{"line":36,"column":9}}],"line":21}},"s":{"0":1,"1":3,"2":3,"3":2,"4":1,"5":2,"6":3,"7":2,"8":2},"f":{"0":1,"1":3,"2":3},"b":{"0":[2,1]},"_coverageSchema":"43e27e138ebf9cfc5966b082cf9a028302ed4184","hash":"11b2dae44aab146228b22e04c6183acc9ed64e20"}
,"E:\\ReactCourses\\task6\\src\\Containers\\SearchPage\\SearchPage.jsx": {"path":"E:\\ReactCourses\\task6\\src\\Containers\\SearchPage\\SearchPage.jsx","statementMap":{"0":{"start":{"line":15,"column":8},"end":{"line":24,"column":9}},"1":{"start":{"line":16,"column":31},"end":{"line":16,"column":59}},"2":{"start":{"line":18,"column":12},"end":{"line":23,"column":13}},"3":{"start":{"line":19,"column":56},"end":{"line":19,"column":66}},"4":{"start":{"line":21,"column":16},"end":{"line":21,"column":46}},"5":{"start":{"line":22,"column":16},"end":{"line":22,"column":63}},"6":{"start":{"line":22,"column":33},"end":{"line":22,"column":61}},"7":{"start":{"line":28,"column":34},"end":{"line":28,"column":44}},"8":{"start":{"line":30,"column":8},"end":{"line":30,"column":30}},"9":{"start":{"line":31,"column":8},"end":{"line":31,"column":46}},"10":{"start":{"line":31,"column":25},"end":{"line":31,"column":44}},"11":{"start":{"line":36,"column":8},"end":{"line":36,"column":79}},"12":{"start":{"line":40,"column":94},"end":{"line":40,"column":104}},"13":{"start":{"line":42,"column":8},"end":{"line":63,"column":10}},"14":{"start":{"line":68,"column":25},"end":{"line":74,"column":2}},"15":{"start":{"line":68,"column":37},"end":{"line":74,"column":1}},"16":{"start":{"line":76,"column":27},"end":{"line":81,"column":1}},"17":{"start":{"line":83,"column":19},"end":{"line":83,"column":91}}},"fnMap":{"0":{"name":"(anonymous_0)","decl":{"start":{"line":14,"column":4},"end":{"line":14,"column":5}},"loc":{"start":{"line":14,"column":34},"end":{"line":25,"column":5}},"line":14},"1":{"name":"(anonymous_1)","decl":{"start":{"line":22,"column":27},"end":{"line":22,"column":28}},"loc":{"start":{"line":22,"column":33},"end":{"line":22,"column":61}},"line":22},"2":{"name":"(anonymous_2)","decl":{"start":{"line":27,"column":26},"end":{"line":27,"column":27}},"loc":{"start":{"line":27,"column":38},"end":{"line":32,"column":5}},"line":27},"3":{"name":"(anonymous_3)","decl":{"start":{"line":31,"column":19},"end":{"line":31,"column":20}},"loc":{"start":{"line":31,"column":25},"end":{"line":31,"column":44}},"line":31},"4":{"name":"(anonymous_4)","decl":{"start":{"line":35,"column":19},"end":{"line":35,"column":20}},"loc":{"start":{"line":35,"column":25},"end":{"line":37,"column":5}},"line":35},"5":{"name":"(anonymous_5)","decl":{"start":{"line":39,"column":4},"end":{"line":39,"column":5}},"loc":{"start":{"line":39,"column":13},"end":{"line":64,"column":5}},"line":39},"6":{"name":"(anonymous_6)","decl":{"start":{"line":68,"column":25},"end":{"line":68,"column":26}},"loc":{"start":{"line":68,"column":37},"end":{"line":74,"column":1}},"line":68}},"branchMap":{"0":{"loc":{"start":{"line":15,"column":8},"end":{"line":24,"column":9}},"type":"if","locations":[{"start":{"line":15,"column":8},"end":{"line":24,"column":9}},{"start":{"line":15,"column":8},"end":{"line":24,"column":9}}],"line":15},"1":{"loc":{"start":{"line":18,"column":12},"end":{"line":23,"column":13}},"type":"if","locations":[{"start":{"line":18,"column":12},"end":{"line":23,"column":13}},{"start":{"line":18,"column":12},"end":{"line":23,"column":13}}],"line":18}},"s":{"0":2,"1":1,"2":1,"3":0,"4":0,"5":0,"6":0,"7":0,"8":0,"9":0,"10":0,"11":1,"12":5,"13":5,"14":2,"15":4,"16":2,"17":2},"f":{"0":2,"1":0,"2":0,"3":0,"4":1,"5":5,"6":4},"b":{"0":[1,1],"1":[0,1]},"_coverageSchema":"43e27e138ebf9cfc5966b082cf9a028302ed4184","hash":"8a0d4f18b67837525bf07245b7397ac8a64322a8"}
,"E:\\ReactCourses\\task6\\src\\Reducers\\mainReducer.js": {"path":"E:\\ReactCourses\\task6\\src\\Reducers\\mainReducer.js","statementMap":{"0":{"start":{"line":3,"column":21},"end":{"line":8,"column":1}},"1":{"start":{"line":11,"column":21},"end":{"line":11,"column":27}},"2":{"start":{"line":13,"column":4},"end":{"line":28,"column":5}},"3":{"start":{"line":15,"column":12},"end":{"line":15,"column":53}},"4":{"start":{"line":17,"column":12},"end":{"line":17,"column":65}},"5":{"start":{"line":19,"column":12},"end":{"line":19,"column":60}},"6":{"start":{"line":21,"column":12},"end":{"line":21,"column":52}},"7":{"start":{"line":23,"column":12},"end":{"line":23,"column":54}},"8":{"start":{"line":25,"column":12},"end":{"line":25,"column":55}},"9":{"start":{"line":27,"column":12},"end":{"line":27,"column":25}},"10":{"start":{"line":31,"column":24},"end":{"line":46,"column":1}},"11":{"start":{"line":32,"column":41},"end":{"line":32,"column":46}},"12":{"start":{"line":33,"column":17},"end":{"line":33,"column":19}},"13":{"start":{"line":35,"column":4},"end":{"line":37,"column":5}},"14":{"start":{"line":36,"column":8},"end":{"line":36,"column":44}},"15":{"start":{"line":38,"column":4},"end":{"line":40,"column":5}},"16":{"start":{"line":39,"column":8},"end":{"line":39,"column":44}},"17":{"start":{"line":41,"column":4},"end":{"line":44,"column":5}},"18":{"start":{"line":42,"column":8},"end":{"line":42,"column":40}},"19":{"start":{"line":43,"column":8},"end":{"line":43,"column":38}},"20":{"start":{"line":45,"column":4},"end":{"line":45,"column":74}}},"fnMap":{"0":{"name":"mainReducer","decl":{"start":{"line":10,"column":24},"end":{"line":10,"column":35}},"loc":{"start":{"line":10,"column":66},"end":{"line":29,"column":1}},"line":10},"1":{"name":"(anonymous_1)","decl":{"start":{"line":31,"column":24},"end":{"line":31,"column":25}},"loc":{"start":{"line":31,"column":33},"end":{"line":46,"column":1}},"line":31}},"branchMap":{"0":{"loc":{"start":{"line":10,"column":36},"end":{"line":10,"column":56}},"type":"default-arg","locations":[{"start":{"line":10,"column":44},"end":{"line":10,"column":56}}],"line":10},"1":{"loc":{"start":{"line":13,"column":4},"end":{"line":28,"column":5}},"type":"switch","locations":[{"start":{"line":14,"column":8},"end":{"line":15,"column":53}},{"start":{"line":16,"column":8},"end":{"line":17,"column":65}},{"start":{"line":18,"column":8},"end":{"line":19,"column":60}},{"start":{"line":20,"column":8},"end":{"line":21,"column":52}},{"start":{"line":22,"column":8},"end":{"line":23,"column":54}},{"start":{"line":24,"column":8},"end":{"line":25,"column":55}},{"start":{"line":26,"column":8},"end":{"line":27,"column":25}}],"line":13},"2":{"loc":{"start":{"line":35,"column":4},"end":{"line":37,"column":5}},"type":"if","locations":[{"start":{"line":35,"column":4},"end":{"line":37,"column":5}},{"start":{"line":35,"column":4},"end":{"line":37,"column":5}}],"line":35},"3":{"loc":{"start":{"line":38,"column":4},"end":{"line":40,"column":5}},"type":"if","locations":[{"start":{"line":38,"column":4},"end":{"line":40,"column":5}},{"start":{"line":38,"column":4},"end":{"line":40,"column":5}}],"line":38},"4":{"loc":{"start":{"line":41,"column":4},"end":{"line":44,"column":5}},"type":"if","locations":[{"start":{"line":41,"column":4},"end":{"line":44,"column":5}},{"start":{"line":41,"column":4},"end":{"line":44,"column":5}}],"line":41}},"s":{"0":4,"1":13,"2":13,"3":1,"4":1,"5":1,"6":1,"7":1,"8":2,"9":6,"10":4,"11":4,"12":4,"13":4,"14":1,"15":4,"16":4,"17":4,"18":4,"19":4,"20":4},"f":{"0":13,"1":4},"b":{"0":[1],"1":[1,1,1,1,1,2,6],"2":[1,3],"3":[4,0],"4":[4,0]},"_coverageSchema":"43e27e138ebf9cfc5966b082cf9a028302ed4184","hash":"5fdae0aadd6df607da36e1aab93a6b091a63382a"}
}
