{"E:\\ReactCourses\\task5\\src\\api.js": {"path":"E:\\ReactCourses\\task5\\src\\api.js","statementMap":{"0":{"start":{"line":5,"column":17},"end":{"line":5,"column":19}},"1":{"start":{"line":7,"column":4},"end":{"line":9,"column":5}},"2":{"start":{"line":8,"column":8},"end":{"line":8,"column":40}},"3":{"start":{"line":11,"column":4},"end":{"line":13,"column":5}},"4":{"start":{"line":12,"column":8},"end":{"line":12,"column":44}},"5":{"start":{"line":15,"column":4},"end":{"line":18,"column":5}},"6":{"start":{"line":16,"column":8},"end":{"line":16,"column":40}},"7":{"start":{"line":17,"column":8},"end":{"line":17,"column":38}},"8":{"start":{"line":20,"column":18},"end":{"line":20,"column":80}},"9":{"start":{"line":22,"column":4},"end":{"line":25,"column":15}},"10":{"start":{"line":24,"column":16},"end":{"line":24,"column":32}}},"fnMap":{"0":{"name":"getMovies","decl":{"start":{"line":4,"column":9},"end":{"line":4,"column":18}},"loc":{"start":{"line":4,"column":45},"end":{"line":26,"column":1}},"line":4},"1":{"name":"(anonymous_1)","decl":{"start":{"line":23,"column":18},"end":{"line":23,"column":19}},"loc":{"start":{"line":23,"column":25},"end":{"line":25,"column":13}},"line":23}},"branchMap":{"0":{"loc":{"start":{"line":7,"column":4},"end":{"line":9,"column":5}},"type":"if","locations":[{"start":{"line":7,"column":4},"end":{"line":9,"column":5}},{"start":{"line":7,"column":4},"end":{"line":9,"column":5}}],"line":7},"1":{"loc":{"start":{"line":11,"column":4},"end":{"line":13,"column":5}},"type":"if","locations":[{"start":{"line":11,"column":4},"end":{"line":13,"column":5}},{"start":{"line":11,"column":4},"end":{"line":13,"column":5}}],"line":11},"2":{"loc":{"start":{"line":15,"column":4},"end":{"line":18,"column":5}},"type":"if","locations":[{"start":{"line":15,"column":4},"end":{"line":18,"column":5}},{"start":{"line":15,"column":4},"end":{"line":18,"column":5}}],"line":15}},"s":{"0":0,"1":0,"2":0,"3":0,"4":0,"5":0,"6":0,"7":0,"8":0,"9":0,"10":0},"f":{"0":0,"1":0},"b":{"0":[0,0],"1":[0,0],"2":[0,0]}}
,"E:\\ReactCourses\\task5\\src\\configureStore.js": {"path":"E:\\ReactCourses\\task5\\src\\configureStore.js","statementMap":{"0":{"start":{"line":8,"column":22},"end":{"line":11,"column":1}},"1":{"start":{"line":13,"column":15},"end":{"line":13,"column":21}},"2":{"start":{"line":13,"column":20},"end":{"line":13,"column":21}},"3":{"start":{"line":15,"column":0},"end":{"line":19,"column":1}},"4":{"start":{"line":18,"column":4},"end":{"line":18,"column":53}},"5":{"start":{"line":21,"column":25},"end":{"line":21,"column":67}},"6":{"start":{"line":23,"column":14},"end":{"line":23,"column":96}},"7":{"start":{"line":25,"column":18},"end":{"line":25,"column":37}}},"fnMap":{"0":{"name":"(anonymous_0)","decl":{"start":{"line":13,"column":15},"end":{"line":13,"column":16}},"loc":{"start":{"line":13,"column":20},"end":{"line":13,"column":21}},"line":13}},"branchMap":{"0":{"loc":{"start":{"line":15,"column":0},"end":{"line":19,"column":1}},"type":"if","locations":[{"start":{"line":15,"column":0},"end":{"line":19,"column":1}},{"start":{"line":15,"column":0},"end":{"line":19,"column":1}}],"line":15},"1":{"loc":{"start":{"line":15,"column":4},"end":{"line":17,"column":39}},"type":"binary-expr","locations":[{"start":{"line":15,"column":4},"end":{"line":15,"column":19}},{"start":{"line":16,"column":4},"end":{"line":16,"column":41}},{"start":{"line":17,"column":4},"end":{"line":17,"column":39}}],"line":15}},"s":{"0":1,"1":1,"2":1,"3":1,"4":0,"5":1,"6":1,"7":1},"f":{"0":1},"b":{"0":[0,1],"1":[1,0,0]},"_coverageSchema":"43e27e138ebf9cfc5966b082cf9a028302ed4184","hash":"f4244270288a06ab1532d11592fe8baa589ecb24"}
,"E:\\ReactCourses\\task5\\src\\constants.js": {"path":"E:\\ReactCourses\\task5\\src\\constants.js","statementMap":{"0":{"start":{"line":1,"column":30},"end":{"line":1,"column":46}},"1":{"start":{"line":2,"column":23},"end":{"line":2,"column":32}},"2":{"start":{"line":3,"column":25},"end":{"line":3,"column":36}},"3":{"start":{"line":4,"column":27},"end":{"line":4,"column":40}}},"fnMap":{},"branchMap":{},"s":{"0":4,"1":4,"2":4,"3":4},"f":{},"b":{},"_coverageSchema":"43e27e138ebf9cfc5966b082cf9a028302ed4184","hash":"7ae4d818b14bea54c7a60a7ff5ad8b78cd3c13d7"}
,"E:\\ReactCourses\\task5\\src\\index.js": {"path":"E:\\ReactCourses\\task5\\src\\index.js","statementMap":{"0":{"start":{"line":5,"column":0},"end":{"line":8,"column":2}},"1":{"start":{"line":10,"column":0},"end":{"line":12,"column":1}},"2":{"start":{"line":11,"column":4},"end":{"line":11,"column":24}}},"fnMap":{},"branchMap":{"0":{"loc":{"start":{"line":10,"column":0},"end":{"line":12,"column":1}},"type":"if","locations":[{"start":{"line":10,"column":0},"end":{"line":12,"column":1}},{"start":{"line":10,"column":0},"end":{"line":12,"column":1}}],"line":10}},"s":{"0":0,"1":0,"2":0},"f":{},"b":{"0":[0,0]}}
,"E:\\ReactCourses\\task5\\src\\Actions\\Actions.js": {"path":"E:\\ReactCourses\\task5\\src\\Actions\\Actions.js","statementMap":{"0":{"start":{"line":7,"column":4},"end":{"line":10,"column":5}},"1":{"start":{"line":14,"column":4},"end":{"line":17,"column":5}},"2":{"start":{"line":15,"column":8},"end":{"line":16,"column":75}},"3":{"start":{"line":16,"column":30},"end":{"line":16,"column":73}},"4":{"start":{"line":41,"column":4},"end":{"line":44,"column":5}},"5":{"start":{"line":48,"column":4},"end":{"line":51,"column":5}},"6":{"start":{"line":55,"column":4},"end":{"line":58,"column":5}}},"fnMap":{"0":{"name":"receiveMovies","decl":{"start":{"line":6,"column":16},"end":{"line":6,"column":29}},"loc":{"start":{"line":6,"column":38},"end":{"line":11,"column":1}},"line":6},"1":{"name":"loadMovies","decl":{"start":{"line":13,"column":16},"end":{"line":13,"column":26}},"loc":{"start":{"line":13,"column":36},"end":{"line":18,"column":1}},"line":13},"2":{"name":"(anonymous_2)","decl":{"start":{"line":14,"column":11},"end":{"line":14,"column":12}},"loc":{"start":{"line":14,"column":31},"end":{"line":17,"column":5}},"line":14},"3":{"name":"(anonymous_3)","decl":{"start":{"line":16,"column":18},"end":{"line":16,"column":19}},"loc":{"start":{"line":16,"column":30},"end":{"line":16,"column":73}},"line":16},"4":{"name":"sortBy","decl":{"start":{"line":40,"column":16},"end":{"line":40,"column":22}},"loc":{"start":{"line":40,"column":30},"end":{"line":45,"column":1}},"line":40},"5":{"name":"searchBy","decl":{"start":{"line":47,"column":16},"end":{"line":47,"column":24}},"loc":{"start":{"line":47,"column":32},"end":{"line":52,"column":1}},"line":47},"6":{"name":"searchText","decl":{"start":{"line":54,"column":16},"end":{"line":54,"column":26}},"loc":{"start":{"line":54,"column":33},"end":{"line":59,"column":1}},"line":54}},"branchMap":{},"s":{"0":3,"1":4,"2":4,"3":3,"4":1,"5":1,"6":1},"f":{"0":3,"1":4,"2":4,"3":3,"4":1,"5":1,"6":1},"b":{},"_coverageSchema":"43e27e138ebf9cfc5966b082cf9a028302ed4184","hash":"ee54b587c67461ba00f8694ddee0462f7aacb9f7"}
,"E:\\ReactCourses\\task5\\src\\App\\App.js": {"path":"E:\\ReactCourses\\task5\\src\\App\\App.js","statementMap":{"0":{"start":{"line":13,"column":8},"end":{"line":22,"column":10}}},"fnMap":{"0":{"name":"(anonymous_0)","decl":{"start":{"line":12,"column":4},"end":{"line":12,"column":5}},"loc":{"start":{"line":12,"column":13},"end":{"line":23,"column":5}},"line":12}},"branchMap":{},"s":{"0":1},"f":{"0":1},"b":{},"_coverageSchema":"43e27e138ebf9cfc5966b082cf9a028302ed4184","hash":"9b75363c4e6b6eaf98ed9d966845d6bb3da161a8"}
,"E:\\ReactCourses\\task5\\src\\Components\\ErrorBoundary.jsx": {"path":"E:\\ReactCourses\\task5\\src\\Components\\ErrorBoundary.jsx","statementMap":{"0":{"start":{"line":6,"column":8},"end":{"line":6,"column":21}},"1":{"start":{"line":7,"column":8},"end":{"line":7,"column":54}},"2":{"start":{"line":16,"column":8},"end":{"line":19,"column":10}},"3":{"start":{"line":23,"column":8},"end":{"line":35,"column":9}},"4":{"start":{"line":25,"column":12},"end":{"line":34,"column":14}},"5":{"start":{"line":37,"column":8},"end":{"line":37,"column":35}}},"fnMap":{"0":{"name":"(anonymous_0)","decl":{"start":{"line":5,"column":4},"end":{"line":5,"column":5}},"loc":{"start":{"line":5,"column":23},"end":{"line":8,"column":5}},"line":5},"1":{"name":"(anonymous_1)","decl":{"start":{"line":15,"column":4},"end":{"line":15,"column":5}},"loc":{"start":{"line":15,"column":35},"end":{"line":20,"column":5}},"line":15},"2":{"name":"(anonymous_2)","decl":{"start":{"line":22,"column":4},"end":{"line":22,"column":5}},"loc":{"start":{"line":22,"column":13},"end":{"line":38,"column":5}},"line":22}},"branchMap":{"0":{"loc":{"start":{"line":23,"column":8},"end":{"line":35,"column":9}},"type":"if","locations":[{"start":{"line":23,"column":8},"end":{"line":35,"column":9}},{"start":{"line":23,"column":8},"end":{"line":35,"column":9}}],"line":23},"1":{"loc":{"start":{"line":29,"column":25},"end":{"line":29,"column":72}},"type":"binary-expr","locations":[{"start":{"line":29,"column":25},"end":{"line":29,"column":41}},{"start":{"line":29,"column":45},"end":{"line":29,"column":72}}],"line":29}},"s":{"0":3,"1":3,"2":0,"3":7,"4":0,"5":7},"f":{"0":3,"1":0,"2":7},"b":{"0":[0,7],"1":[0,0]},"_coverageSchema":"43e27e138ebf9cfc5966b082cf9a028302ed4184","hash":"252d3313ba8774fb882885a1c842c7a0c7c97bf7"}
,"E:\\ReactCourses\\task5\\src\\Components\\Footer\\Footer.jsx": {"path":"E:\\ReactCourses\\task5\\src\\Components\\Footer\\Footer.jsx","statementMap":{"0":{"start":{"line":4,"column":15},"end":{"line":4,"column":68}},"1":{"start":{"line":4,"column":22},"end":{"line":4,"column":67}}},"fnMap":{"0":{"name":"(anonymous_0)","decl":{"start":{"line":4,"column":15},"end":{"line":4,"column":16}},"loc":{"start":{"line":4,"column":22},"end":{"line":4,"column":67}},"line":4}},"branchMap":{},"s":{"0":2,"1":2},"f":{"0":2},"b":{},"_coverageSchema":"43e27e138ebf9cfc5966b082cf9a028302ed4184","hash":"1d75e13cd095a9a024b08af63d4669bf9980cbbe"}
,"E:\\ReactCourses\\task5\\src\\Components\\Header\\Header.jsx": {"path":"E:\\ReactCourses\\task5\\src\\Components\\Header\\Header.jsx","statementMap":{"0":{"start":{"line":9,"column":36},"end":{"line":9,"column":46}},"1":{"start":{"line":11,"column":8},"end":{"line":11,"column":34}},"2":{"start":{"line":14,"column":32},"end":{"line":14,"column":57}},"3":{"start":{"line":15,"column":32},"end":{"line":15,"column":58}},"4":{"start":{"line":18,"column":38},"end":{"line":18,"column":48}},"5":{"start":{"line":19,"column":8},"end":{"line":19,"column":46}},"6":{"start":{"line":23,"column":49},"end":{"line":23,"column":59}},"7":{"start":{"line":25,"column":8},"end":{"line":25,"column":27}},"8":{"start":{"line":26,"column":8},"end":{"line":26,"column":37}},"9":{"start":{"line":31,"column":41},"end":{"line":31,"column":51}},"10":{"start":{"line":33,"column":8},"end":{"line":66,"column":9}},"11":{"start":{"line":70,"column":0},"end":{"line":76,"column":2}}},"fnMap":{"0":{"name":"(anonymous_0)","decl":{"start":{"line":8,"column":18},"end":{"line":8,"column":19}},"loc":{"start":{"line":8,"column":32},"end":{"line":12,"column":5}},"line":8},"1":{"name":"(anonymous_1)","decl":{"start":{"line":14,"column":26},"end":{"line":14,"column":27}},"loc":{"start":{"line":14,"column":32},"end":{"line":14,"column":57}},"line":14},"2":{"name":"(anonymous_2)","decl":{"start":{"line":15,"column":26},"end":{"line":15,"column":27}},"loc":{"start":{"line":15,"column":32},"end":{"line":15,"column":58}},"line":15},"3":{"name":"(anonymous_3)","decl":{"start":{"line":17,"column":24},"end":{"line":17,"column":25}},"loc":{"start":{"line":17,"column":35},"end":{"line":20,"column":5}},"line":17},"4":{"name":"(anonymous_4)","decl":{"start":{"line":22,"column":19},"end":{"line":22,"column":20}},"loc":{"start":{"line":22,"column":26},"end":{"line":27,"column":5}},"line":22},"5":{"name":"(anonymous_5)","decl":{"start":{"line":29,"column":4},"end":{"line":29,"column":5}},"loc":{"start":{"line":29,"column":13},"end":{"line":67,"column":5}},"line":29}},"branchMap":{"0":{"loc":{"start":{"line":52,"column":39},"end":{"line":52,"column":84}},"type":"cond-expr","locations":[{"start":{"line":52,"column":63},"end":{"line":52,"column":77}},{"start":{"line":52,"column":80},"end":{"line":52,"column":84}}],"line":52},"1":{"loc":{"start":{"line":58,"column":39},"end":{"line":58,"column":85}},"type":"cond-expr","locations":[{"start":{"line":58,"column":64},"end":{"line":58,"column":78}},{"start":{"line":58,"column":81},"end":{"line":58,"column":85}}],"line":58}},"s":{"0":2,"1":2,"2":1,"3":1,"4":2,"5":2,"6":2,"7":2,"8":2,"9":12,"10":12,"11":3},"f":{"0":2,"1":1,"2":1,"3":2,"4":2,"5":12},"b":{"0":[11,1],"1":[0,12]},"_coverageSchema":"43e27e138ebf9cfc5966b082cf9a028302ed4184","hash":"a4f9a79333b27096380380957dbb5757427a71b2"}
,"E:\\ReactCourses\\task5\\src\\Components\\LineResultMovieList\\LineResultMovieList.jsx": {"path":"E:\\ReactCourses\\task5\\src\\Components\\LineResultMovieList\\LineResultMovieList.jsx","statementMap":{"0":{"start":{"line":6,"column":28},"end":{"line":28,"column":1}},"1":{"start":{"line":7,"column":30},"end":{"line":7,"column":65}},"2":{"start":{"line":7,"column":36},"end":{"line":7,"column":65}},"3":{"start":{"line":8,"column":25},"end":{"line":8,"column":60}},"4":{"start":{"line":8,"column":31},"end":{"line":8,"column":60}},"5":{"start":{"line":10,"column":4},"end":{"line":27,"column":14}},"6":{"start":{"line":30,"column":0},"end":{"line":34,"column":2}}},"fnMap":{"0":{"name":"(anonymous_0)","decl":{"start":{"line":6,"column":28},"end":{"line":6,"column":29}},"loc":{"start":{"line":6,"column":70},"end":{"line":28,"column":1}},"line":6},"1":{"name":"(anonymous_1)","decl":{"start":{"line":7,"column":30},"end":{"line":7,"column":31}},"loc":{"start":{"line":7,"column":36},"end":{"line":7,"column":65}},"line":7},"2":{"name":"(anonymous_2)","decl":{"start":{"line":8,"column":25},"end":{"line":8,"column":26}},"loc":{"start":{"line":8,"column":31},"end":{"line":8,"column":60}},"line":8}},"branchMap":{"0":{"loc":{"start":{"line":10,"column":11},"end":{"line":27,"column":14}},"type":"cond-expr","locations":[{"start":{"line":11,"column":10},"end":{"line":11,"column":14}},{"start":{"line":12,"column":10},"end":{"line":27,"column":14}}],"line":10},"1":{"loc":{"start":{"line":10,"column":11},"end":{"line":10,"column":50}},"type":"binary-expr","locations":[{"start":{"line":10,"column":11},"end":{"line":10,"column":31}},{"start":{"line":10,"column":35},"end":{"line":10,"column":50}}],"line":10},"2":{"loc":{"start":{"line":18,"column":27},"end":{"line":18,"column":71}},"type":"cond-expr","locations":[{"start":{"line":18,"column":56},"end":{"line":18,"column":64}},{"start":{"line":18,"column":67},"end":{"line":18,"column":71}}],"line":18},"3":{"loc":{"start":{"line":23,"column":29},"end":{"line":23,"column":73}},"type":"cond-expr","locations":[{"start":{"line":23,"column":58},"end":{"line":23,"column":66}},{"start":{"line":23,"column":69},"end":{"line":23,"column":73}}],"line":23}},"s":{"0":3,"1":11,"2":1,"3":11,"4":1,"5":11,"6":3},"f":{"0":11,"1":1,"2":1},"b":{"0":[1,10],"1":[11,10],"2":[9,1],"3":[1,9]},"_coverageSchema":"43e27e138ebf9cfc5966b082cf9a028302ed4184","hash":"2c1cf4949a56a2d89602004fa7af72827453f024"}
,"E:\\ReactCourses\\task5\\src\\Components\\MovieList\\MovieList.jsx": {"path":"E:\\ReactCourses\\task5\\src\\Components\\MovieList\\MovieList.jsx","statementMap":{"0":{"start":{"line":9,"column":18},"end":{"line":29,"column":1}},"1":{"start":{"line":11,"column":24},"end":{"line":19,"column":5}},"2":{"start":{"line":12,"column":8},"end":{"line":18,"column":9}},"3":{"start":{"line":13,"column":12},"end":{"line":15,"column":15}},"4":{"start":{"line":14,"column":16},"end":{"line":14,"column":70}},"5":{"start":{"line":17,"column":12},"end":{"line":17,"column":67}},"6":{"start":{"line":21,"column":4},"end":{"line":27,"column":5}},"7":{"start":{"line":31,"column":0},"end":{"line":33,"column":2}}},"fnMap":{"0":{"name":"(anonymous_0)","decl":{"start":{"line":9,"column":18},"end":{"line":9,"column":19}},"loc":{"start":{"line":9,"column":34},"end":{"line":29,"column":1}},"line":9},"1":{"name":"(anonymous_1)","decl":{"start":{"line":11,"column":24},"end":{"line":11,"column":25}},"loc":{"start":{"line":11,"column":30},"end":{"line":19,"column":5}},"line":11},"2":{"name":"(anonymous_2)","decl":{"start":{"line":13,"column":30},"end":{"line":13,"column":31}},"loc":{"start":{"line":13,"column":46},"end":{"line":15,"column":13}},"line":13}},"branchMap":{"0":{"loc":{"start":{"line":12,"column":8},"end":{"line":18,"column":9}},"type":"if","locations":[{"start":{"line":12,"column":8},"end":{"line":18,"column":9}},{"start":{"line":12,"column":8},"end":{"line":18,"column":9}}],"line":12},"1":{"loc":{"start":{"line":12,"column":12},"end":{"line":12,"column":39}},"type":"binary-expr","locations":[{"start":{"line":12,"column":12},"end":{"line":12,"column":18}},{"start":{"line":12,"column":22},"end":{"line":12,"column":39}}],"line":12}},"s":{"0":3,"1":9,"2":9,"3":2,"4":3,"5":7,"6":9,"7":3},"f":{"0":9,"1":9,"2":3},"b":{"0":[2,7],"1":[9,9]},"_coverageSchema":"43e27e138ebf9cfc5966b082cf9a028302ed4184","hash":"f451c623d7fd3c9ecef703bdf26c430a893fa8e8"}
,"E:\\ReactCourses\\task5\\src\\Components\\MovieThumblail\\MovieThumbnail.jsx": {"path":"E:\\ReactCourses\\task5\\src\\Components\\MovieThumblail\\MovieThumbnail.jsx","statementMap":{"0":{"start":{"line":9,"column":8},"end":{"line":9,"column":47}},"1":{"start":{"line":13,"column":8},"end":{"line":13,"column":86}},"2":{"start":{"line":13,"column":34},"end":{"line":13,"column":83}},"3":{"start":{"line":17,"column":59},"end":{"line":17,"column":75}},"4":{"start":{"line":18,"column":8},"end":{"line":28,"column":9}},"5":{"start":{"line":32,"column":0},"end":{"line":34,"column":2}}},"fnMap":{"0":{"name":"(anonymous_0)","decl":{"start":{"line":8,"column":4},"end":{"line":8,"column":5}},"loc":{"start":{"line":8,"column":21},"end":{"line":10,"column":5}},"line":8},"1":{"name":"(anonymous_1)","decl":{"start":{"line":12,"column":4},"end":{"line":12,"column":5}},"loc":{"start":{"line":12,"column":22},"end":{"line":14,"column":5}},"line":12},"2":{"name":"(anonymous_2)","decl":{"start":{"line":13,"column":23},"end":{"line":13,"column":24}},"loc":{"start":{"line":13,"column":34},"end":{"line":13,"column":83}},"line":13},"3":{"name":"(anonymous_3)","decl":{"start":{"line":16,"column":4},"end":{"line":16,"column":5}},"loc":{"start":{"line":16,"column":13},"end":{"line":29,"column":5}},"line":16}},"branchMap":{},"s":{"0":4,"1":4,"2":4,"3":4,"4":4,"5":4},"f":{"0":4,"1":4,"2":4,"3":4},"b":{},"_coverageSchema":"43e27e138ebf9cfc5966b082cf9a028302ed4184","hash":"de6edbe16357a36da7054a7a74c6f42c435e438b"}
,"E:\\ReactCourses\\task5\\src\\Containers\\SearchPage\\SearchPage.jsx": {"path":"E:\\ReactCourses\\task5\\src\\Containers\\SearchPage\\SearchPage.jsx","statementMap":{"0":{"start":{"line":14,"column":8},"end":{"line":14,"column":21}},"1":{"start":{"line":19,"column":38},"end":{"line":19,"column":48}},"2":{"start":{"line":21,"column":8},"end":{"line":21,"column":26}},"3":{"start":{"line":26,"column":34},"end":{"line":26,"column":44}},"4":{"start":{"line":28,"column":8},"end":{"line":28,"column":30}},"5":{"start":{"line":29,"column":8},"end":{"line":29,"column":82}},"6":{"start":{"line":41,"column":38},"end":{"line":41,"column":48}},"7":{"start":{"line":43,"column":8},"end":{"line":43,"column":26}},"8":{"start":{"line":47,"column":94},"end":{"line":47,"column":104}},"9":{"start":{"line":49,"column":8},"end":{"line":70,"column":10}},"10":{"start":{"line":75,"column":25},"end":{"line":81,"column":2}},"11":{"start":{"line":75,"column":37},"end":{"line":81,"column":1}},"12":{"start":{"line":83,"column":27},"end":{"line":88,"column":1}},"13":{"start":{"line":90,"column":19},"end":{"line":90,"column":79}}},"fnMap":{"0":{"name":"(anonymous_0)","decl":{"start":{"line":13,"column":4},"end":{"line":13,"column":5}},"loc":{"start":{"line":13,"column":23},"end":{"line":16,"column":5}},"line":13},"1":{"name":"(anonymous_1)","decl":{"start":{"line":18,"column":4},"end":{"line":18,"column":5}},"loc":{"start":{"line":18,"column":24},"end":{"line":22,"column":5}},"line":18},"2":{"name":"(anonymous_2)","decl":{"start":{"line":25,"column":26},"end":{"line":25,"column":27}},"loc":{"start":{"line":25,"column":38},"end":{"line":30,"column":5}},"line":25},"3":{"name":"(anonymous_3)","decl":{"start":{"line":40,"column":19},"end":{"line":40,"column":20}},"loc":{"start":{"line":40,"column":25},"end":{"line":44,"column":5}},"line":40},"4":{"name":"(anonymous_4)","decl":{"start":{"line":46,"column":4},"end":{"line":46,"column":5}},"loc":{"start":{"line":46,"column":13},"end":{"line":71,"column":5}},"line":46},"5":{"name":"(anonymous_5)","decl":{"start":{"line":75,"column":25},"end":{"line":75,"column":26}},"loc":{"start":{"line":75,"column":37},"end":{"line":81,"column":1}},"line":75}},"branchMap":{},"s":{"0":3,"1":3,"2":3,"3":0,"4":0,"5":0,"6":1,"7":1,"8":7,"9":7,"10":2,"11":7,"12":2,"13":2},"f":{"0":3,"1":3,"2":0,"3":1,"4":7,"5":7},"b":{},"_coverageSchema":"43e27e138ebf9cfc5966b082cf9a028302ed4184","hash":"ef436e657e6ed06ca8dfdf26065ff49a4ae411de"}
,"E:\\ReactCourses\\task5\\src\\Reducers\\mainReducer.js": {"path":"E:\\ReactCourses\\task5\\src\\Reducers\\mainReducer.js","statementMap":{"0":{"start":{"line":3,"column":21},"end":{"line":8,"column":1}},"1":{"start":{"line":11,"column":21},"end":{"line":11,"column":27}},"2":{"start":{"line":13,"column":4},"end":{"line":24,"column":5}},"3":{"start":{"line":15,"column":12},"end":{"line":15,"column":53}},"4":{"start":{"line":17,"column":12},"end":{"line":17,"column":52}},"5":{"start":{"line":19,"column":12},"end":{"line":19,"column":54}},"6":{"start":{"line":21,"column":12},"end":{"line":21,"column":55}},"7":{"start":{"line":23,"column":12},"end":{"line":23,"column":25}},"8":{"start":{"line":27,"column":24},"end":{"line":42,"column":1}},"9":{"start":{"line":28,"column":41},"end":{"line":28,"column":46}},"10":{"start":{"line":29,"column":17},"end":{"line":29,"column":19}},"11":{"start":{"line":31,"column":4},"end":{"line":33,"column":5}},"12":{"start":{"line":32,"column":8},"end":{"line":32,"column":44}},"13":{"start":{"line":34,"column":4},"end":{"line":36,"column":5}},"14":{"start":{"line":35,"column":8},"end":{"line":35,"column":44}},"15":{"start":{"line":37,"column":4},"end":{"line":40,"column":5}},"16":{"start":{"line":38,"column":8},"end":{"line":38,"column":40}},"17":{"start":{"line":39,"column":8},"end":{"line":39,"column":38}},"18":{"start":{"line":41,"column":4},"end":{"line":41,"column":74}}},"fnMap":{"0":{"name":"mainReducer","decl":{"start":{"line":10,"column":24},"end":{"line":10,"column":35}},"loc":{"start":{"line":10,"column":66},"end":{"line":25,"column":1}},"line":10},"1":{"name":"(anonymous_1)","decl":{"start":{"line":27,"column":24},"end":{"line":27,"column":25}},"loc":{"start":{"line":27,"column":33},"end":{"line":42,"column":1}},"line":27}},"branchMap":{"0":{"loc":{"start":{"line":10,"column":36},"end":{"line":10,"column":56}},"type":"default-arg","locations":[{"start":{"line":10,"column":44},"end":{"line":10,"column":56}}],"line":10},"1":{"loc":{"start":{"line":13,"column":4},"end":{"line":24,"column":5}},"type":"switch","locations":[{"start":{"line":14,"column":8},"end":{"line":15,"column":53}},{"start":{"line":16,"column":8},"end":{"line":17,"column":52}},{"start":{"line":18,"column":8},"end":{"line":19,"column":54}},{"start":{"line":20,"column":8},"end":{"line":21,"column":55}},{"start":{"line":22,"column":8},"end":{"line":23,"column":25}}],"line":13},"2":{"loc":{"start":{"line":31,"column":4},"end":{"line":33,"column":5}},"type":"if","locations":[{"start":{"line":31,"column":4},"end":{"line":33,"column":5}},{"start":{"line":31,"column":4},"end":{"line":33,"column":5}}],"line":31},"3":{"loc":{"start":{"line":34,"column":4},"end":{"line":36,"column":5}},"type":"if","locations":[{"start":{"line":34,"column":4},"end":{"line":36,"column":5}},{"start":{"line":34,"column":4},"end":{"line":36,"column":5}}],"line":34},"4":{"loc":{"start":{"line":37,"column":4},"end":{"line":40,"column":5}},"type":"if","locations":[{"start":{"line":37,"column":4},"end":{"line":40,"column":5}},{"start":{"line":37,"column":4},"end":{"line":40,"column":5}}],"line":37}},"s":{"0":3,"1":13,"2":13,"3":4,"4":1,"5":1,"6":2,"7":5,"8":3,"9":7,"10":7,"11":7,"12":3,"13":7,"14":7,"15":7,"16":7,"17":7,"18":7},"f":{"0":13,"1":7},"b":{"0":[1],"1":[4,1,1,2,5],"2":[3,4],"3":[7,0],"4":[7,0]},"_coverageSchema":"43e27e138ebf9cfc5966b082cf9a028302ed4184","hash":"789eed6da62beb627ce013c60cfaaabca0bf4814"}
}
