TN:
SF:E:\ReactCourses\task6\src\api.js
FN:4,getMovies
FN:23,(anonymous_1)
FN:28,getMovie
FN:30,(anonymous_3)
FN:33,getMoviesByGenres
FN:35,(anonymous_5)
FNF:6
FNH:0
FNDA:0,getMovies
FNDA:0,(anonymous_1)
FNDA:0,getMovie
FNDA:0,(anonymous_3)
FNDA:0,getMoviesByGenres
FNDA:0,(anonymous_5)
DA:5,0
DA:7,0
DA:8,0
DA:11,0
DA:12,0
DA:15,0
DA:16,0
DA:17,0
DA:20,0
DA:22,0
DA:24,0
DA:29,0
DA:30,0
DA:34,0
DA:35,0
LF:15
LH:0
BRDA:7,0,0,0
BRDA:7,0,1,0
BRDA:11,1,0,0
BRDA:11,1,1,0
BRDA:15,2,0,0
BRDA:15,2,1,0
BRF:6
BRH:0
end_of_record
TN:
SF:E:\ReactCourses\task6\src\configureStore.js
FN:13,(anonymous_0)
FNF:1
FNH:0
FNDA:0,(anonymous_0)
DA:8,1
DA:13,1
DA:15,1
DA:18,0
DA:21,1
DA:23,1
DA:25,1
LF:7
LH:6
BRDA:15,0,0,0
BRDA:15,0,1,1
BRDA:15,1,0,1
BRDA:15,1,1,0
BRDA:15,1,2,0
BRF:5
BRH:2
end_of_record
TN:
SF:E:\ReactCourses\task6\src\constants.js
FNF:0
FNH:0
DA:1,5
DA:2,5
DA:3,5
DA:4,5
DA:5,5
DA:6,5
LF:6
LH:6
BRF:0
BRH:0
end_of_record
TN:
SF:E:\ReactCourses\task6\src\index.js
FNF:0
FNH:0
DA:5,0
DA:10,0
DA:11,0
LF:3
LH:0
BRDA:10,0,0,0
BRDA:10,0,1,0
BRF:2
BRH:0
end_of_record
TN:
SF:E:\ReactCourses\task6\src\Actions\Actions.js
FN:6,receiveMovies
FN:13,receiveMovieDetails
FN:20,receiveRelatedMovies
FN:27,loadMovies
FN:28,(anonymous_4)
FN:30,(anonymous_5)
FN:34,loadMovieDetails
FN:35,(anonymous_7)
FN:37,(anonymous_8)
FN:40,(anonymous_9)
FN:45,sortBy
FN:52,searchBy
FN:59,searchText
FNF:13
FNH:3
FNDA:0,receiveMovies
FNDA:0,receiveMovieDetails
FNDA:0,receiveRelatedMovies
FNDA:0,loadMovies
FNDA:0,(anonymous_4)
FNDA:0,(anonymous_5)
FNDA:0,loadMovieDetails
FNDA:0,(anonymous_7)
FNDA:0,(anonymous_8)
FNDA:0,(anonymous_9)
FNDA:1,sortBy
FNDA:1,searchBy
FNDA:1,searchText
DA:7,0
DA:14,0
DA:21,0
DA:28,0
DA:29,0
DA:30,0
DA:35,0
DA:36,0
DA:38,0
DA:39,0
DA:40,0
DA:46,1
DA:53,1
DA:60,1
LF:14
LH:3
BRF:0
BRH:0
end_of_record
TN:
SF:E:\ReactCourses\task6\src\App\App.js
FN:15,(anonymous_0)
FNF:1
FNH:1
FNDA:1,(anonymous_0)
DA:16,1
LF:1
LH:1
BRF:0
BRH:0
end_of_record
TN:
SF:E:\ReactCourses\task6\src\Components\ErrorBoundary.jsx
FN:5,(anonymous_0)
FN:15,(anonymous_1)
FN:22,(anonymous_2)
FNF:3
FNH:2
FNDA:3,(anonymous_0)
FNDA:0,(anonymous_1)
FNDA:5,(anonymous_2)
DA:6,3
DA:7,3
DA:16,0
DA:23,5
DA:25,0
DA:37,5
LF:6
LH:4
BRDA:23,0,0,0
BRDA:23,0,1,5
BRDA:29,1,0,0
BRDA:29,1,1,0
BRF:4
BRH:1
end_of_record
TN:
SF:E:\ReactCourses\task6\src\Components\Footer\Footer.jsx
FN:4,(anonymous_0)
FNF:1
FNH:1
FNDA:2,(anonymous_0)
DA:4,2
LF:1
LH:1
BRF:0
BRH:0
end_of_record
TN:
SF:E:\ReactCourses\task6\src\Components\Header\Header.jsx
FN:8,(anonymous_0)
FN:14,(anonymous_1)
FN:15,(anonymous_2)
FN:17,(anonymous_3)
FN:22,(anonymous_4)
FN:29,(anonymous_5)
FNF:6
FNH:6
FNDA:2,(anonymous_0)
FNDA:1,(anonymous_1)
FNDA:1,(anonymous_2)
FNDA:2,(anonymous_3)
FNDA:2,(anonymous_4)
FNDA:10,(anonymous_5)
DA:9,2
DA:11,2
DA:14,1
DA:15,1
DA:18,2
DA:19,2
DA:23,2
DA:25,2
DA:26,2
DA:31,10
DA:33,10
DA:70,3
LF:12
LH:12
BRDA:52,0,0,9
BRDA:52,0,1,1
BRDA:58,1,0,0
BRDA:58,1,1,10
BRF:4
BRH:3
end_of_record
TN:
SF:E:\ReactCourses\task6\src\Components\LineResultGenres\LineResultGenres.jsx
FN:6,(anonymous_0)
FNF:1
FNH:1
FNDA:2,(anonymous_0)
DA:6,3
DA:7,2
DA:12,3
LF:3
LH:3
BRDA:7,0,0,1
BRDA:7,0,1,1
BRF:2
BRH:2
end_of_record
TN:
SF:E:\ReactCourses\task6\src\Components\LineResultMovieList\LineResultMovieList.jsx
FN:6,(anonymous_0)
FN:7,(anonymous_1)
FN:8,(anonymous_2)
FNF:3
FNH:3
FNDA:9,(anonymous_0)
FNDA:1,(anonymous_1)
FNDA:1,(anonymous_2)
DA:6,3
DA:7,9
DA:8,9
DA:10,9
DA:30,3
LF:5
LH:5
BRDA:10,0,0,1
BRDA:10,0,1,8
BRDA:10,1,0,9
BRDA:10,1,1,8
BRDA:18,2,0,7
BRDA:18,2,1,1
BRDA:23,3,0,1
BRDA:23,3,1,7
BRF:8
BRH:8
end_of_record
TN:
SF:E:\ReactCourses\task6\src\Components\MovieDetails\MovieDetails.jsx
FN:9,(anonymous_0)
FN:13,(anonymous_1)
FN:18,(anonymous_2)
FNF:3
FNH:3
FNDA:1,(anonymous_0)
FNDA:1,(anonymous_1)
FNDA:1,(anonymous_2)
DA:10,1
DA:14,1
DA:15,1
DA:19,1
DA:21,1
DA:49,3
LF:6
LH:6
BRDA:14,0,0,1
BRDA:14,0,1,0
BRF:2
BRH:1
end_of_record
TN:
SF:E:\ReactCourses\task6\src\Components\MovieList\MovieList.jsx
FN:9,(anonymous_0)
FN:13,(anonymous_1)
FN:17,(anonymous_2)
FN:25,(anonymous_3)
FNF:4
FNH:4
FNDA:5,(anonymous_0)
FNDA:7,(anonymous_1)
FNDA:2,(anonymous_2)
FNDA:7,(anonymous_3)
DA:10,5
DA:14,7
DA:16,7
DA:17,1
DA:18,2
DA:21,6
DA:26,7
DA:35,4
LF:8
LH:8
BRDA:16,0,0,1
BRDA:16,0,1,6
BRDA:16,1,0,7
BRDA:16,1,1,7
BRF:4
BRH:4
end_of_record
TN:
SF:E:\ReactCourses\task6\src\Components\MovieThumblail\MovieThumbnail.jsx
FN:10,(anonymous_0)
FN:14,(anonymous_1)
FN:15,(anonymous_2)
FN:18,(anonymous_3)
FNF:4
FNH:4
FNDA:3,(anonymous_0)
FNDA:3,(anonymous_1)
FNDA:3,(anonymous_2)
FNDA:3,(anonymous_3)
DA:11,3
DA:15,3
DA:19,3
DA:21,3
DA:37,5
LF:5
LH:5
BRF:0
BRH:0
end_of_record
TN:
SF:E:\ReactCourses\task6\src\Components\NotFoundPage\NotFounPage.jsx
FN:4,(anonymous_0)
FNF:1
FNH:0
FNDA:0,(anonymous_0)
DA:4,1
LF:1
LH:1
BRF:0
BRH:0
end_of_record
TN:
SF:E:\ReactCourses\task6\src\Containers\MovieDetailsPage\MovieDetailsPage.jsx
FN:14,(anonymous_0)
FN:18,(anonymous_1)
FN:40,(anonymous_2)
FNF:3
FNH:3
FNDA:1,(anonymous_0)
FNDA:1,(anonymous_1)
FNDA:1,(anonymous_2)
DA:15,1
DA:19,1
DA:21,1
DA:22,0
DA:35,1
DA:40,2
DA:45,2
DA:49,2
LF:8
LH:7
BRDA:21,0,0,0
BRDA:21,0,1,1
BRF:2
BRH:1
end_of_record
TN:
SF:E:\ReactCourses\task6\src\Containers\SearchPage\SearchPage.jsx
FN:14,(anonymous_0)
FN:22,(anonymous_1)
FN:27,(anonymous_2)
FN:31,(anonymous_3)
FN:35,(anonymous_4)
FN:39,(anonymous_5)
FN:68,(anonymous_6)
FNF:7
FNH:4
FNDA:2,(anonymous_0)
FNDA:0,(anonymous_1)
FNDA:0,(anonymous_2)
FNDA:0,(anonymous_3)
FNDA:1,(anonymous_4)
FNDA:5,(anonymous_5)
FNDA:4,(anonymous_6)
DA:15,2
DA:16,1
DA:18,1
DA:19,0
DA:21,0
DA:22,0
DA:28,0
DA:30,0
DA:31,0
DA:36,1
DA:40,5
DA:42,5
DA:68,4
DA:76,2
DA:83,2
LF:15
LH:9
BRDA:15,0,0,1
BRDA:15,0,1,1
BRDA:18,1,0,0
BRDA:18,1,1,1
BRF:4
BRH:3
end_of_record
TN:
SF:E:\ReactCourses\task6\src\Reducers\mainReducer.js
FN:10,mainReducer
FN:31,(anonymous_1)
FNF:2
FNH:2
FNDA:11,mainReducer
FNDA:4,(anonymous_1)
DA:3,4
DA:11,11
DA:13,11
DA:15,1
DA:17,0
DA:19,0
DA:21,1
DA:23,1
DA:25,2
DA:27,6
DA:31,4
DA:32,4
DA:33,4
DA:35,4
DA:36,1
DA:38,4
DA:39,4
DA:41,4
DA:42,4
DA:43,4
DA:45,4
LF:21
LH:19
BRDA:10,0,0,1
BRDA:13,1,0,1
BRDA:13,1,1,0
BRDA:13,1,2,0
BRDA:13,1,3,1
BRDA:13,1,4,1
BRDA:13,1,5,2
BRDA:13,1,6,6
BRDA:35,2,0,1
BRDA:35,2,1,3
BRDA:38,3,0,4
BRDA:38,3,1,0
BRDA:41,4,0,4
BRDA:41,4,1,0
BRF:14
BRH:10
end_of_record
