TN:
SF:E:\ReactCourses\task5\src\api.js
FN:4,getMovies
FN:23,(anonymous_1)
FNF:2
FNH:0
FNDA:0,getMovies
FNDA:0,(anonymous_1)
DA:5,0
DA:7,0
DA:8,0
DA:11,0
DA:12,0
DA:15,0
DA:16,0
DA:17,0
DA:20,0
DA:22,0
DA:24,0
LF:11
LH:0
BRDA:7,0,0,0
BRDA:7,0,1,0
BRDA:11,1,0,0
BRDA:11,1,1,0
BRDA:15,2,0,0
BRDA:15,2,1,0
BRF:6
BRH:0
end_of_record
TN:
SF:E:\ReactCourses\task5\src\configureStore.js
FN:13,(anonymous_0)
FNF:1
FNH:1
FNDA:1,(anonymous_0)
DA:8,1
DA:13,1
DA:15,1
DA:18,0
DA:21,1
DA:23,1
DA:25,1
LF:7
LH:6
BRDA:15,0,0,0
BRDA:15,0,1,1
BRDA:15,1,0,1
BRDA:15,1,1,0
BRDA:15,1,2,0
BRF:5
BRH:2
end_of_record
TN:
SF:E:\ReactCourses\task5\src\constants.js
FNF:0
FNH:0
DA:1,4
DA:2,4
DA:3,4
DA:4,4
LF:4
LH:4
BRF:0
BRH:0
end_of_record
TN:
SF:E:\ReactCourses\task5\src\index.js
FNF:0
FNH:0
DA:5,0
DA:10,0
DA:11,0
LF:3
LH:0
BRDA:10,0,0,0
BRDA:10,0,1,0
BRF:2
BRH:0
end_of_record
TN:
SF:E:\ReactCourses\task5\src\Actions\Actions.js
FN:6,receiveMovies
FN:13,loadMovies
FN:14,(anonymous_2)
FN:16,(anonymous_3)
FN:40,sortBy
FN:47,searchBy
FN:54,searchText
FNF:7
FNH:7
FNDA:3,receiveMovies
FNDA:4,loadMovies
FNDA:4,(anonymous_2)
FNDA:3,(anonymous_3)
FNDA:1,sortBy
FNDA:1,searchBy
FNDA:1,searchText
DA:7,3
DA:14,4
DA:15,4
DA:16,3
DA:41,1
DA:48,1
DA:55,1
LF:7
LH:7
BRF:0
BRH:0
end_of_record
TN:
SF:E:\ReactCourses\task5\src\App\App.js
FN:12,(anonymous_0)
FNF:1
FNH:1
FNDA:1,(anonymous_0)
DA:13,1
LF:1
LH:1
BRF:0
BRH:0
end_of_record
TN:
SF:E:\ReactCourses\task5\src\Components\ErrorBoundary.jsx
FN:5,(anonymous_0)
FN:15,(anonymous_1)
FN:22,(anonymous_2)
FNF:3
FNH:2
FNDA:3,(anonymous_0)
FNDA:0,(anonymous_1)
FNDA:7,(anonymous_2)
DA:6,3
DA:7,3
DA:16,0
DA:23,7
DA:25,0
DA:37,7
LF:6
LH:4
BRDA:23,0,0,0
BRDA:23,0,1,7
BRDA:29,1,0,0
BRDA:29,1,1,0
BRF:4
BRH:1
end_of_record
TN:
SF:E:\ReactCourses\task5\src\Components\Footer\Footer.jsx
FN:4,(anonymous_0)
FNF:1
FNH:1
FNDA:2,(anonymous_0)
DA:4,2
LF:1
LH:1
BRF:0
BRH:0
end_of_record
TN:
SF:E:\ReactCourses\task5\src\Components\Header\Header.jsx
FN:8,(anonymous_0)
FN:14,(anonymous_1)
FN:15,(anonymous_2)
FN:17,(anonymous_3)
FN:22,(anonymous_4)
FN:29,(anonymous_5)
FNF:6
FNH:6
FNDA:2,(anonymous_0)
FNDA:1,(anonymous_1)
FNDA:1,(anonymous_2)
FNDA:2,(anonymous_3)
FNDA:2,(anonymous_4)
FNDA:12,(anonymous_5)
DA:9,2
DA:11,2
DA:14,1
DA:15,1
DA:18,2
DA:19,2
DA:23,2
DA:25,2
DA:26,2
DA:31,12
DA:33,12
DA:70,3
LF:12
LH:12
BRDA:52,0,0,11
BRDA:52,0,1,1
BRDA:58,1,0,0
BRDA:58,1,1,12
BRF:4
BRH:3
end_of_record
TN:
SF:E:\ReactCourses\task5\src\Components\LineResultMovieList\LineResultMovieList.jsx
FN:6,(anonymous_0)
FN:7,(anonymous_1)
FN:8,(anonymous_2)
FNF:3
FNH:3
FNDA:11,(anonymous_0)
FNDA:1,(anonymous_1)
FNDA:1,(anonymous_2)
DA:6,3
DA:7,11
DA:8,11
DA:10,11
DA:30,3
LF:5
LH:5
BRDA:10,0,0,1
BRDA:10,0,1,10
BRDA:10,1,0,11
BRDA:10,1,1,10
BRDA:18,2,0,9
BRDA:18,2,1,1
BRDA:23,3,0,1
BRDA:23,3,1,9
BRF:8
BRH:8
end_of_record
TN:
SF:E:\ReactCourses\task5\src\Components\MovieList\MovieList.jsx
FN:9,(anonymous_0)
FN:11,(anonymous_1)
FN:13,(anonymous_2)
FNF:3
FNH:3
FNDA:9,(anonymous_0)
FNDA:9,(anonymous_1)
FNDA:3,(anonymous_2)
DA:9,3
DA:11,9
DA:12,9
DA:13,2
DA:14,3
DA:17,7
DA:21,9
DA:31,3
LF:8
LH:8
BRDA:12,0,0,2
BRDA:12,0,1,7
BRDA:12,1,0,9
BRDA:12,1,1,9
BRF:4
BRH:4
end_of_record
TN:
SF:E:\ReactCourses\task5\src\Components\MovieThumblail\MovieThumbnail.jsx
FN:8,(anonymous_0)
FN:12,(anonymous_1)
FN:13,(anonymous_2)
FN:16,(anonymous_3)
FNF:4
FNH:4
FNDA:4,(anonymous_0)
FNDA:4,(anonymous_1)
FNDA:4,(anonymous_2)
FNDA:4,(anonymous_3)
DA:9,4
DA:13,4
DA:17,4
DA:18,4
DA:32,4
LF:5
LH:5
BRF:0
BRH:0
end_of_record
TN:
SF:E:\ReactCourses\task5\src\Containers\SearchPage\SearchPage.jsx
FN:13,(anonymous_0)
FN:18,(anonymous_1)
FN:25,(anonymous_2)
FN:40,(anonymous_3)
FN:46,(anonymous_4)
FN:75,(anonymous_5)
FNF:6
FNH:5
FNDA:3,(anonymous_0)
FNDA:3,(anonymous_1)
FNDA:0,(anonymous_2)
FNDA:1,(anonymous_3)
FNDA:7,(anonymous_4)
FNDA:7,(anonymous_5)
DA:14,3
DA:19,3
DA:21,3
DA:26,0
DA:28,0
DA:29,0
DA:41,1
DA:43,1
DA:47,7
DA:49,7
DA:75,7
DA:83,2
DA:90,2
LF:13
LH:10
BRF:0
BRH:0
end_of_record
TN:
SF:E:\ReactCourses\task5\src\Reducers\mainReducer.js
FN:10,mainReducer
FN:27,(anonymous_1)
FNF:2
FNH:2
FNDA:13,mainReducer
FNDA:7,(anonymous_1)
DA:3,3
DA:11,13
DA:13,13
DA:15,4
DA:17,1
DA:19,1
DA:21,2
DA:23,5
DA:27,3
DA:28,7
DA:29,7
DA:31,7
DA:32,3
DA:34,7
DA:35,7
DA:37,7
DA:38,7
DA:39,7
DA:41,7
LF:19
LH:19
BRDA:10,0,0,1
BRDA:13,1,0,4
BRDA:13,1,1,1
BRDA:13,1,2,1
BRDA:13,1,3,2
BRDA:13,1,4,5
BRDA:31,2,0,3
BRDA:31,2,1,4
BRDA:34,3,0,7
BRDA:34,3,1,0
BRDA:37,4,0,7
BRDA:37,4,1,0
BRF:12
BRH:10
end_of_record
